2025-05-09 12:57:47,874 INFO | POST OK 2025-03-20 -> insert_success
2025-05-09 12:57:52,925 INFO | POST OK 2025-03-20 -> insert_success
2025-05-09 12:57:52,925 INFO | 已成功補齊 2025-03-20
2025-05-09 13:32:55,798 INFO | POST OK 2025-03-20 -> insert_success
2025-05-09 13:33:00,871 INFO | POST OK 2025-03-20 -> insert_success
2025-05-09 13:33:00,871 INFO | 已成功補齊 2025-03-20
2025-05-09 13:33:28,491 INFO | POST OK 2025-03-21 -> insert_success
2025-05-09 13:33:33,549 INFO | POST OK 2025-03-21 -> insert_success
2025-05-09 13:33:33,549 INFO | 已成功補齊 2025-03-21
2025-05-09 13:35:39,702 INFO | 2025-03-22 無CPC，跳過
2025-05-09 13:35:39,811 INFO | 2025-03-23 無CPC，跳過
2025-05-09 13:35:39,937 INFO | POST OK 2025-03-24 -> insert_success
2025-05-09 13:35:44,990 INFO | POST OK 2025-03-24 -> insert_success
2025-05-09 13:35:45,006 INFO | 已成功補齊 2025-03-24
2025-05-09 14:05:14,952 INFO | POST OK 2025-03-20 -> insert_success
2025-05-09 14:05:14,952 INFO | 已成功補齊 2025-03-20
2025-05-09 14:05:15,002 INFO | POST OK 2025-03-20 -> insert_success
2025-05-09 14:06:43,558 INFO | POST OK 2025-03-21 -> insert_success
2025-05-09 14:06:43,559 INFO | 已成功補齊 2025-03-21
2025-05-09 14:06:43,607 INFO | POST OK 2025-03-21 -> insert_success
2025-05-09 14:06:54,193 INFO | 2025-03-22 無CPC，跳過
2025-05-09 14:06:54,369 INFO | 2025-03-23 無CPC，跳過
2025-05-09 14:06:54,540 INFO | POST OK 2025-03-24 -> insert_success
2025-05-09 14:06:54,540 INFO | 已成功補齊 2025-03-24
2025-05-09 14:06:54,578 INFO | POST OK 2025-03-24 -> insert_success
2025-05-09 14:10:21,150 INFO | POST OK 2025-03-20 -> insert_success
2025-05-09 14:10:21,151 INFO | 已成功補齊 2025-03-20
2025-05-09 14:10:26,210 INFO | POST OK 2025-03-20 -> insert_success
2025-05-09 14:10:36,536 INFO | POST OK 2025-03-21 -> insert_success
2025-05-09 14:10:36,536 INFO | 已成功補齊 2025-03-21
2025-05-09 14:10:41,585 INFO | POST OK 2025-03-21 -> insert_success
2025-05-09 14:10:53,607 INFO | 2025-03-22 無CPC，跳過
2025-05-09 14:10:54,126 INFO | 2025-03-23 無CPC，跳過
2025-05-09 14:10:54,760 INFO | POST OK 2025-03-24 -> insert_success
2025-05-09 14:10:54,760 INFO | 已成功補齊 2025-03-24
2025-05-09 14:10:59,819 INFO | POST OK 2025-03-24 -> insert_success
2025-05-09 14:21:30,161 INFO | POST OK 2025-03-20 -> insert_success
2025-05-09 14:21:35,197 INFO | POST OK 2025-03-20 -> insert_success
2025-05-09 14:21:35,197 INFO | 已成功補齊 2025-03-20
2025-05-09 14:21:49,106 INFO | POST OK 2025-03-21 -> insert_success
2025-05-09 14:21:54,144 INFO | POST OK 2025-03-21 -> insert_success
2025-05-09 14:21:54,144 INFO | 已成功補齊 2025-03-21
2025-05-09 14:22:39,699 INFO | 2025-03-22 無CPC，跳過
2025-05-09 14:22:39,773 INFO | 2025-03-23 無CPC，跳過
2025-05-09 14:22:39,909 INFO | POST OK 2025-03-24 -> insert_success
2025-05-09 14:22:44,947 INFO | POST OK 2025-03-24 -> insert_success
2025-05-09 14:22:44,947 INFO | 已成功補齊 2025-03-24
2025-05-09 14:32:01,097 INFO | POST OK 2025-03-21 -> insert_success
2025-05-09 14:32:06,165 INFO | POST OK 2025-03-21 -> insert_success
2025-05-09 14:32:06,168 INFO | 已成功補齊 2025-03-21
2025-05-09 14:36:50,754 INFO | 2025-03-22 無CPC，跳過
2025-05-09 14:36:50,864 INFO | 2025-03-23 無CPC，跳過
2025-05-09 14:36:50,952 INFO | POST OK 2025-03-24 -> insert_success
2025-05-09 14:36:55,986 INFO | POST OK 2025-03-24 -> insert_success
2025-05-09 14:36:56,001 INFO | 已成功補齊 2025-03-24
2025-05-09 15:22:19,173 INFO | POST OK 2025-03-20 -> insert_success
2025-05-09 15:22:19,175 INFO | 六港口已寫入 2025-03-20
2025-05-09 15:22:24,244 INFO | POST OK 2025-03-20 -> insert_success
2025-05-09 15:22:24,244 INFO | CPC(2025-03-21) 已寫入 2025-03-20
2025-05-09 15:24:21,683 INFO | POST OK 2025-03-21 -> insert_success
2025-05-09 15:24:21,685 INFO | 六港口已寫入 2025-03-21
2025-05-09 15:24:26,728 INFO | POST OK 2025-03-21 -> insert_success
2025-05-09 15:24:26,728 INFO | CPC(2025-03-24) 已寫入 2025-03-21
2025-05-09 15:26:08,178 INFO | 2025-03-22 無六港口報價，跳過
2025-05-09 15:26:08,238 INFO | 2025-03-23 無六港口報價，跳過
2025-05-09 15:26:08,384 INFO | POST OK 2025-03-24 -> insert_success
2025-05-09 15:26:08,384 INFO | 六港口已寫入 2025-03-24
2025-05-09 15:26:13,435 INFO | POST OK 2025-03-24 -> insert_success
2025-05-09 15:26:13,435 INFO | CPC(2025-03-25) 已寫入 2025-03-24
2025-05-09 15:27:01,595 INFO | POST OK 2025-03-25 -> insert_success
2025-05-09 15:27:01,595 INFO | 六港口已寫入 2025-03-25
2025-05-09 15:27:06,648 INFO | POST OK 2025-03-25 -> insert_success
2025-05-09 15:27:06,648 INFO | CPC(2025-03-26) 已寫入 2025-03-25
2025-05-09 15:30:39,960 INFO | POST OK 2025-03-26 -> insert_success
2025-05-09 15:30:39,961 INFO | 六港口已寫入 2025-03-26
2025-05-09 15:30:44,997 INFO | POST OK 2025-03-26 -> insert_success
2025-05-09 15:30:44,997 INFO | CPC(2025-03-27) 已寫入 2025-03-26
2025-05-09 15:36:34,583 INFO | POST OK 2025-03-26 -> insert_success
2025-05-09 15:36:34,584 INFO | 六港口已寫入 2025-03-26
2025-05-09 15:36:39,635 INFO | POST OK 2025-03-26 -> insert_success
2025-05-09 15:36:39,635 INFO | CPC(2025-03-27) 已寫入 2025-03-26
2025-05-09 15:40:30,766 INFO | POST OK 2025-03-27 -> insert_success
2025-05-09 15:40:30,767 INFO | 六港口已寫入 2025-03-27
2025-05-09 15:40:35,882 INFO | POST OK 2025-03-27 -> insert_success
2025-05-09 15:40:35,894 INFO | CPC(2025-03-28) 已寫入 2025-03-27
2025-05-09 15:41:02,173 INFO | POST OK 2025-03-28 -> insert_success
2025-05-09 15:41:02,174 INFO | 六港口已寫入 2025-03-28
2025-05-09 15:41:07,318 INFO | POST OK 2025-03-28 -> insert_success
2025-05-09 15:41:07,318 INFO | CPC(2025-04-01) 已寫入 2025-03-28
2025-05-09 15:41:41,891 INFO | 2025-03-29 無六港口報價，跳過
2025-05-09 15:41:41,955 INFO | 2025-03-30 無六港口報價，跳過
2025-05-09 15:41:42,001 INFO | 2025-03-31 無六港口報價，跳過
2025-05-09 15:41:42,173 INFO | POST OK 2025-04-01 -> insert_success
2025-05-09 15:41:42,173 INFO | 六港口已寫入 2025-04-01
2025-05-09 15:41:47,318 INFO | POST OK 2025-04-01 -> insert_success
2025-05-09 15:41:47,318 INFO | CPC(2025-04-02) 已寫入 2025-04-01
2025-05-09 15:42:39,136 INFO | POST OK 2025-04-02 -> insert_success
2025-05-09 15:42:39,136 INFO | 六港口已寫入 2025-04-02
2025-05-09 15:42:44,281 INFO | POST OK 2025-04-02 -> insert_success
2025-05-09 15:42:44,281 INFO | CPC(2025-04-03) 已寫入 2025-04-02
2025-05-09 15:42:50,137 INFO | POST OK 2025-04-03 -> insert_success
2025-05-09 15:42:50,137 INFO | 六港口已寫入 2025-04-03
2025-05-09 15:42:55,283 INFO | POST OK 2025-04-03 -> insert_success
2025-05-09 15:42:55,283 INFO | CPC(2025-04-04) 已寫入 2025-04-03
2025-05-09 15:42:58,508 INFO | POST OK 2025-04-04 -> insert_success
2025-05-09 15:42:58,508 INFO | 六港口已寫入 2025-04-04
2025-05-09 15:43:03,627 INFO | POST OK 2025-04-04 -> insert_success
2025-05-09 15:43:03,640 INFO | CPC(2025-04-07) 已寫入 2025-04-04
2025-05-09 15:43:58,840 INFO | 2025-04-05 無六港口報價，跳過
2025-05-09 15:43:58,892 INFO | 2025-04-06 無六港口報價，跳過
2025-05-09 15:43:59,013 INFO | POST OK 2025-04-07 -> insert_success
2025-05-09 15:43:59,013 INFO | 六港口已寫入 2025-04-07
2025-05-09 15:44:04,154 INFO | POST OK 2025-04-07 -> insert_success
2025-05-09 15:44:04,156 INFO | CPC(2025-04-08) 已寫入 2025-04-07
2025-05-09 15:44:08,740 INFO | POST OK 2025-04-08 -> insert_success
2025-05-09 15:44:08,740 INFO | 六港口已寫入 2025-04-08
2025-05-09 15:44:13,861 INFO | POST OK 2025-04-08 -> insert_success
2025-05-09 15:44:13,864 INFO | CPC(2025-04-09) 已寫入 2025-04-08
2025-05-09 15:44:24,061 INFO | POST OK 2025-04-09 -> insert_success
2025-05-09 15:44:24,062 INFO | 六港口已寫入 2025-04-09
2025-05-09 15:44:29,214 INFO | POST OK 2025-04-09 -> insert_success
2025-05-09 15:44:29,224 INFO | CPC(2025-04-10) 已寫入 2025-04-09
2025-05-09 15:44:43,412 INFO | POST OK 2025-04-10 -> insert_success
2025-05-09 15:44:43,412 INFO | 六港口已寫入 2025-04-10
2025-05-09 15:44:51,590 INFO | POST OK 2025-04-10 -> insert_success
2025-05-09 15:44:51,590 INFO | CPC(2025-04-11) 已寫入 2025-04-10
2025-05-09 15:45:06,612 INFO | POST OK 2025-04-11 -> insert_success
2025-05-09 15:45:06,612 INFO | 六港口已寫入 2025-04-11
2025-05-09 15:45:14,784 INFO | POST OK 2025-04-11 -> insert_success
2025-05-09 15:45:14,784 INFO | CPC(2025-04-14) 已寫入 2025-04-11
2025-05-09 15:45:33,165 INFO | 2025-04-12 無六港口報價，跳過
2025-05-09 15:45:33,213 INFO | 2025-04-13 無六港口報價，跳過
2025-05-09 15:45:33,346 INFO | POST OK 2025-04-14 -> insert_success
2025-05-09 15:45:33,346 INFO | 六港口已寫入 2025-04-14
2025-05-09 15:45:38,489 INFO | POST OK 2025-04-14 -> insert_success
2025-05-09 15:45:38,490 INFO | CPC(2025-04-15) 已寫入 2025-04-14
2025-05-09 15:46:15,315 INFO | POST OK 2025-04-15 -> insert_success
2025-05-09 15:46:15,315 INFO | 六港口已寫入 2025-04-15
2025-05-09 15:46:20,464 INFO | POST OK 2025-04-15 -> insert_success
2025-05-09 15:46:20,474 INFO | CPC(2025-04-16) 已寫入 2025-04-15
2025-05-09 15:46:24,849 INFO | POST OK 2025-04-16 -> insert_success
2025-05-09 15:46:24,849 INFO | 六港口已寫入 2025-04-16
2025-05-09 15:46:29,994 INFO | POST OK 2025-04-16 -> insert_success
2025-05-09 15:46:29,994 INFO | CPC(2025-04-17) 已寫入 2025-04-16
2025-05-09 15:46:54,985 INFO | POST OK 2025-04-17 -> insert_success
2025-05-09 15:46:54,985 INFO | 六港口已寫入 2025-04-17
2025-05-09 15:47:00,131 INFO | POST OK 2025-04-17 -> insert_success
2025-05-09 15:47:00,131 INFO | CPC(2025-04-21) 已寫入 2025-04-17
2025-05-09 15:47:29,204 INFO | 2025-04-18 無六港口報價，跳過
2025-05-09 15:47:29,258 INFO | 2025-04-19 無六港口報價，跳過
2025-05-09 15:47:29,299 INFO | 2025-04-20 無六港口報價，跳過
2025-05-09 15:47:29,431 INFO | POST OK 2025-04-21 -> insert_success
2025-05-09 15:47:29,431 INFO | 六港口已寫入 2025-04-21
2025-05-09 15:47:34,561 INFO | POST OK 2025-04-21 -> insert_success
2025-05-09 15:47:34,561 INFO | CPC(2025-04-22) 已寫入 2025-04-21
2025-05-09 15:49:00,894 INFO | POST OK 2025-04-22 -> insert_success
2025-05-09 15:49:00,894 INFO | 六港口已寫入 2025-04-22
2025-05-09 15:49:09,081 INFO | POST OK 2025-04-22 -> insert_success
2025-05-09 15:49:09,081 INFO | CPC(2025-04-23) 已寫入 2025-04-22
2025-05-09 15:49:44,358 INFO | POST OK 2025-04-23 -> insert_success
2025-05-09 15:49:44,368 INFO | 六港口已寫入 2025-04-23
2025-05-09 15:49:49,519 INFO | POST OK 2025-04-23 -> insert_success
2025-05-09 15:49:49,531 INFO | CPC(2025-04-24) 已寫入 2025-04-23
2025-05-09 15:51:45,778 INFO | POST OK 2025-04-24 -> insert_success
2025-05-09 15:51:45,779 INFO | 六港口已寫入 2025-04-24
2025-05-09 15:51:50,914 INFO | POST OK 2025-04-24 -> insert_success
2025-05-09 15:51:50,920 INFO | CPC(2025-04-25) 已寫入 2025-04-24
2025-05-09 15:52:22,332 INFO | POST OK 2025-04-25 -> insert_success
2025-05-09 15:52:22,332 INFO | 六港口已寫入 2025-04-25
2025-05-09 15:52:27,449 INFO | POST OK 2025-04-25 -> insert_success
2025-05-09 15:52:27,460 INFO | CPC(2025-04-28) 已寫入 2025-04-25
2025-05-09 15:52:59,611 INFO | 2025-04-26 無六港口報價，跳過
2025-05-09 15:52:59,649 INFO | 2025-04-27 無六港口報價，跳過
2025-05-09 15:52:59,812 INFO | POST OK 2025-04-28 -> insert_success
2025-05-09 15:52:59,812 INFO | 六港口已寫入 2025-04-28
2025-05-09 15:53:04,962 INFO | POST OK 2025-04-28 -> insert_success
2025-05-09 15:53:04,963 INFO | CPC(2025-04-29) 已寫入 2025-04-28
2025-05-09 15:53:56,553 INFO | POST OK 2025-04-29 -> insert_success
2025-05-09 15:53:56,554 INFO | 六港口已寫入 2025-04-29
2025-05-09 15:54:01,676 INFO | POST OK 2025-04-29 -> insert_success
2025-05-09 15:54:01,677 INFO | CPC(2025-04-30) 已寫入 2025-04-29
2025-05-12 13:33:04,984 INFO | POST OK 2025-04-30 -> insert_success
2025-05-12 13:33:04,984 INFO | 六港口已寫入 2025-04-30
2025-05-12 13:33:13,135 INFO | POST OK 2025-04-30 -> insert_success
2025-05-12 13:33:13,135 INFO | CPC(2025-05-02) 已寫入 2025-04-30
2025-05-12 13:33:38,209 INFO | 2025-05-01 無六港口報價，跳過
2025-05-12 13:33:38,480 INFO | POST OK 2025-05-02 -> insert_success
2025-05-12 13:33:38,480 INFO | 六港口已寫入 2025-05-02
2025-05-12 13:33:43,596 INFO | POST OK 2025-05-02 -> insert_success
2025-05-12 13:33:43,596 INFO | CPC(2025-05-05) 已寫入 2025-05-02
2025-05-12 13:37:25,292 INFO | 2025-05-03 無六港口報價，跳過
2025-05-12 13:37:25,340 INFO | 2025-05-04 無六港口報價，跳過
2025-05-12 13:37:25,503 INFO | POST OK 2025-05-05 -> insert_success
2025-05-12 13:37:25,503 INFO | 六港口已寫入 2025-05-05
2025-05-12 13:37:30,641 INFO | POST OK 2025-05-05 -> insert_success
2025-05-12 13:37:30,641 INFO | CPC(2025-05-06) 已寫入 2025-05-05
2025-05-12 13:39:22,642 INFO | POST OK 2025-05-06 -> insert_success
2025-05-12 13:39:22,643 INFO | 六港口已寫入 2025-05-06
2025-05-12 13:39:27,804 INFO | POST OK 2025-05-06 -> insert_success
2025-05-12 13:39:27,804 INFO | CPC(2025-05-07) 已寫入 2025-05-06
2025-05-12 13:39:41,616 INFO | POST OK 2025-05-07 -> insert_success
2025-05-12 13:39:41,616 INFO | 六港口已寫入 2025-05-07
2025-05-12 13:39:46,734 INFO | POST OK 2025-05-07 -> insert_success
2025-05-12 13:39:46,735 INFO | CPC(2025-05-08) 已寫入 2025-05-07
2025-05-12 13:40:02,457 INFO | POST OK 2025-05-08 -> insert_success
2025-05-12 13:40:02,458 INFO | 六港口已寫入 2025-05-08
2025-05-12 13:40:07,594 INFO | POST OK 2025-05-08 -> insert_success
2025-05-12 13:40:07,594 INFO | CPC(2025-05-09) 已寫入 2025-05-08
2025-05-12 14:21:25,556 INFO | 2025-05-09 無六港口報價，跳過
2025-05-12 14:21:25,613 INFO | 2025-05-10 無六港口報價，跳過
2025-05-12 14:21:25,650 INFO | 2025-05-11 無六港口報價，跳過
2025-05-12 14:21:25,650 INFO | 無可補的六港口資料
2025-05-12 14:27:18,097 INFO | 2025-05-09 無六港口報價，跳過
2025-05-12 14:27:18,146 INFO | 2025-05-10 無六港口報價，跳過
2025-05-12 14:27:18,198 INFO | 2025-05-11 無六港口報價，跳過
2025-05-12 14:27:18,198 INFO | 無可補的六港口資料
2025-05-12 14:44:28,331 INFO | POST OK 2025-05-09 -> insert_success
2025-05-12 14:44:28,331 INFO | 六港口已寫入 2025-05-09
2025-05-12 14:44:33,458 INFO | POST OK 2025-05-09 -> insert_success
2025-05-12 14:44:33,458 INFO | CPC(2025-05-12) 已寫入 2025-05-09
2025-05-12 14:45:12,474 INFO | 2025-05-10 無六港口報價，跳過
2025-05-12 14:45:12,510 INFO | 2025-05-11 無六港口報價，跳過
2025-05-12 14:45:12,510 INFO | 無可補的六港口資料
2025-05-12 15:50:32,976 INFO | POST OK 2025-05-09 -> insert_success
2025-05-12 15:50:32,977 INFO | 六港口已寫入 2025-05-09
2025-05-12 15:50:38,111 INFO | POST OK 2025-05-09 -> insert_success
2025-05-12 15:50:38,111 INFO | CPC(2025-05-12) 已寫入 2025-05-09
2025-05-12 15:59:32,741 INFO | POST OK 2025-03-19 -> insert_success
2025-05-12 15:59:32,741 INFO | 六港口已寫入 2025-03-19
2025-05-12 15:59:37,890 INFO | POST OK 2025-03-19 -> insert_success
2025-05-12 15:59:37,890 INFO | CPC(2025-03-20) 已寫入 2025-03-19
2025-05-12 16:03:43,736 INFO | POST OK 2025-03-19 -> insert_success
2025-05-12 16:03:43,736 INFO | 六港口已寫入 2025-03-19
2025-05-12 16:03:51,960 INFO | POST OK 2025-03-19 -> insert_success
2025-05-12 16:03:51,960 INFO | CPC(2025-03-20) 已寫入 2025-03-19
2025-05-12 16:06:54,508 INFO | POST OK 2025-03-18 -> insert_success
2025-05-12 16:06:54,508 INFO | 六港口已寫入 2025-03-18
2025-05-12 16:06:59,682 INFO | POST OK 2025-03-18 -> insert_success
2025-05-12 16:06:59,682 INFO | CPC(2025-03-19) 已寫入 2025-03-18
2025-05-12 16:17:37,923 INFO | POST OK 2025-03-19 -> insert_success
2025-05-12 16:17:37,923 INFO | 六港口已寫入 2025-03-19
2025-05-12 16:17:43,145 INFO | POST OK 2025-03-19 -> insert_success
2025-05-12 16:17:43,145 INFO | CPC(2025-03-20) 已寫入 2025-03-19
2025-05-12 16:18:53,907 INFO | POST OK 2025-03-20 -> insert_success
2025-05-12 16:18:53,907 INFO | 六港口已寫入 2025-03-20
2025-05-12 16:18:59,110 INFO | POST OK 2025-03-20 -> insert_success
2025-05-12 16:18:59,110 INFO | CPC(2025-03-21) 已寫入 2025-03-20
2025-05-12 16:19:16,743 INFO | POST OK 2025-03-21 -> insert_success
2025-05-12 16:19:16,743 INFO | 六港口已寫入 2025-03-21
2025-05-12 16:19:21,930 INFO | POST OK 2025-03-21 -> insert_success
2025-05-12 16:19:21,930 INFO | CPC(2025-03-24) 已寫入 2025-03-21
2025-05-12 16:19:30,938 INFO | 2025-03-22 無六港口報價，跳過
2025-05-12 16:19:30,977 INFO | 2025-03-23 無六港口報價，跳過
2025-05-12 16:19:31,106 INFO | POST OK 2025-03-24 -> insert_success
2025-05-12 16:19:31,106 INFO | 六港口已寫入 2025-03-24
2025-05-12 16:19:36,293 INFO | POST OK 2025-03-24 -> insert_success
2025-05-12 16:19:36,293 INFO | CPC(2025-03-25) 已寫入 2025-03-24
2025-05-12 16:19:49,758 INFO | POST OK 2025-03-25 -> insert_success
2025-05-12 16:19:49,758 INFO | 六港口已寫入 2025-03-25
2025-05-12 16:19:54,936 INFO | POST OK 2025-03-25 -> insert_success
2025-05-12 16:19:54,936 INFO | CPC(2025-03-26) 已寫入 2025-03-25
2025-05-12 16:23:08,630 INFO | POST OK 2025-03-26 -> insert_success
2025-05-12 16:23:08,630 INFO | 六港口已寫入 2025-03-26
2025-05-12 16:23:13,864 INFO | POST OK 2025-03-26 -> insert_success
2025-05-12 16:23:13,864 INFO | CPC(2025-03-27) 已寫入 2025-03-26
2025-05-12 16:23:24,174 INFO | POST OK 2025-03-27 -> insert_success
2025-05-12 16:23:24,175 INFO | 六港口已寫入 2025-03-27
2025-05-12 16:23:29,372 INFO | POST OK 2025-03-27 -> insert_success
2025-05-12 16:23:29,372 INFO | CPC(2025-03-28) 已寫入 2025-03-27
2025-05-12 16:24:15,398 INFO | POST OK 2025-03-28 -> insert_success
2025-05-12 16:24:15,411 INFO | 六港口已寫入 2025-03-28
2025-05-12 16:24:20,605 INFO | POST OK 2025-03-28 -> insert_success
2025-05-12 16:24:20,605 INFO | CPC(2025-04-01) 已寫入 2025-03-28
2025-05-12 16:25:56,890 INFO | 2025-03-29 無六港口報價，跳過
2025-05-12 16:25:56,929 INFO | 2025-03-30 無六港口報價，跳過
2025-05-12 16:25:56,958 INFO | 2025-03-31 無六港口報價，跳過
2025-05-12 16:25:57,093 INFO | POST OK 2025-04-01 -> insert_success
2025-05-12 16:25:57,093 INFO | 六港口已寫入 2025-04-01
2025-05-12 16:26:02,295 INFO | POST OK 2025-04-01 -> insert_success
2025-05-12 16:26:02,295 INFO | CPC(2025-04-02) 已寫入 2025-04-01
2025-05-12 16:26:33,425 INFO | POST OK 2025-04-02 -> insert_success
2025-05-12 16:26:33,425 INFO | 六港口已寫入 2025-04-02
2025-05-12 16:26:38,654 INFO | POST OK 2025-04-02 -> insert_success
2025-05-12 16:26:38,654 INFO | CPC(2025-04-03) 已寫入 2025-04-02
2025-05-12 16:27:13,561 INFO | POST OK 2025-04-03 -> insert_success
2025-05-12 16:27:13,562 INFO | 六港口已寫入 2025-04-03
2025-05-12 16:27:18,762 INFO | POST OK 2025-04-03 -> insert_success
2025-05-12 16:27:18,762 INFO | CPC(2025-04-04) 已寫入 2025-04-03
2025-05-12 16:27:42,325 INFO | POST OK 2025-04-04 -> insert_success
2025-05-12 16:27:42,325 INFO | 六港口已寫入 2025-04-04
2025-05-12 16:27:47,556 INFO | POST OK 2025-04-04 -> insert_success
2025-05-12 16:27:47,557 INFO | CPC(2025-04-07) 已寫入 2025-04-04
2025-05-12 16:28:01,258 INFO | 2025-04-05 無六港口報價，跳過
2025-05-12 16:28:01,297 INFO | 2025-04-06 無六港口報價，跳過
2025-05-12 16:28:01,459 INFO | POST OK 2025-04-07 -> insert_success
2025-05-12 16:28:01,460 INFO | 六港口已寫入 2025-04-07
2025-05-12 16:28:06,662 INFO | POST OK 2025-04-07 -> insert_success
2025-05-12 16:28:06,663 INFO | CPC(2025-04-08) 已寫入 2025-04-07
2025-05-12 16:50:10,479 INFO | POST OK 2025-04-08 -> insert_success
2025-05-12 16:50:10,479 INFO | 六港口已寫入 2025-04-08
2025-05-12 16:50:18,808 INFO | POST OK 2025-04-08 -> insert_success
2025-05-12 16:50:18,808 INFO | CPC(2025-04-09) 已寫入 2025-04-08
2025-05-12 16:51:14,426 INFO | POST OK 2025-04-09 -> insert_success
2025-05-12 16:51:14,426 INFO | 六港口已寫入 2025-04-09
2025-05-12 16:51:19,612 INFO | POST OK 2025-04-09 -> insert_success
2025-05-12 16:51:19,612 INFO | CPC(2025-04-10) 已寫入 2025-04-09
2025-05-12 16:51:33,343 INFO | POST OK 2025-04-10 -> insert_success
2025-05-12 16:51:33,343 INFO | 六港口已寫入 2025-04-10
2025-05-12 16:51:38,555 INFO | POST OK 2025-04-10 -> insert_success
2025-05-12 16:51:38,555 INFO | CPC(2025-04-11) 已寫入 2025-04-10
2025-05-12 16:52:05,832 INFO | POST OK 2025-04-11 -> insert_success
2025-05-12 16:52:05,832 INFO | 六港口已寫入 2025-04-11
2025-05-12 16:52:14,086 INFO | POST OK 2025-04-11 -> insert_success
2025-05-12 16:52:14,086 INFO | CPC(2025-04-14) 已寫入 2025-04-11
2025-05-12 16:53:26,617 INFO | 2025-04-12 無六港口報價，跳過
2025-05-12 16:53:26,657 INFO | 2025-04-13 無六港口報價，跳過
2025-05-12 16:53:26,860 INFO | POST OK 2025-04-14 -> insert_success
2025-05-12 16:53:26,860 INFO | 六港口已寫入 2025-04-14
2025-05-12 16:53:32,082 INFO | POST OK 2025-04-14 -> insert_success
2025-05-12 16:53:32,082 INFO | CPC(2025-04-15) 已寫入 2025-04-14
2025-05-12 16:54:31,795 INFO | POST OK 2025-04-15 -> insert_success
2025-05-12 16:54:31,795 INFO | 六港口已寫入 2025-04-15
2025-05-12 16:54:36,989 INFO | POST OK 2025-04-15 -> insert_success
2025-05-12 16:54:37,005 INFO | CPC(2025-04-16) 已寫入 2025-04-15
2025-05-12 16:54:41,478 INFO | POST OK 2025-04-16 -> insert_success
2025-05-12 16:54:41,478 INFO | 六港口已寫入 2025-04-16
2025-05-12 16:54:46,727 INFO | POST OK 2025-04-16 -> insert_success
2025-05-12 16:54:46,743 INFO | CPC(2025-04-17) 已寫入 2025-04-16
2025-05-12 16:59:50,935 INFO | POST OK 2025-04-17 -> insert_success
2025-05-12 16:59:50,935 INFO | 六港口已寫入 2025-04-17
2025-05-12 16:59:56,131 INFO | POST OK 2025-04-17 -> insert_success
2025-05-12 16:59:56,131 INFO | CPC(2025-04-21) 已寫入 2025-04-17
2025-05-12 17:00:12,722 INFO | 2025-04-18 無六港口報價，跳過
2025-05-12 17:00:12,869 INFO | 2025-04-19 無六港口報價，跳過
2025-05-12 17:00:13,032 INFO | 2025-04-20 無六港口報價，跳過
2025-05-12 17:00:13,416 INFO | POST OK 2025-04-21 -> insert_success
2025-05-12 17:00:13,416 INFO | 六港口已寫入 2025-04-21
2025-05-12 17:00:18,599 INFO | POST OK 2025-04-21 -> insert_success
2025-05-12 17:00:18,599 INFO | CPC(2025-04-22) 已寫入 2025-04-21
2025-05-12 17:00:33,856 INFO | POST OK 2025-04-22 -> insert_success
2025-05-12 17:00:33,856 INFO | 六港口已寫入 2025-04-22
2025-05-12 17:00:39,055 INFO | POST OK 2025-04-22 -> insert_success
2025-05-12 17:00:39,055 INFO | CPC(2025-04-23) 已寫入 2025-04-22
2025-05-15 08:55:12,995 INFO | POST OK 2025-04-23 -> insert_success
2025-05-15 08:55:12,995 INFO | 六港口已寫入 2025-04-23
2025-05-15 08:55:18,206 INFO | POST OK 2025-04-23 -> insert_success
2025-05-15 08:55:18,206 INFO | CPC(2025-04-24) 已寫入 2025-04-23
2025-05-16 08:38:42,051 INFO | POST OK 2025-04-24 -> insert_success
2025-05-16 08:38:42,053 INFO | 六港口已寫入 2025-04-24
2025-05-16 08:38:47,255 INFO | POST OK 2025-04-24 -> insert_success
2025-05-16 08:38:47,255 INFO | CPC(2025-04-25) 已寫入 2025-04-24
2025-05-16 08:39:54,883 INFO | POST OK 2025-04-25 -> insert_success
2025-05-16 08:39:54,884 INFO | 六港口已寫入 2025-04-25
2025-05-16 08:40:00,084 INFO | POST OK 2025-04-25 -> insert_success
2025-05-16 08:40:00,084 INFO | CPC(2025-04-28) 已寫入 2025-04-25
2025-05-16 10:00:24,200 INFO | 2025-04-26 無六港口報價，跳過
2025-05-16 10:00:24,234 INFO | 2025-04-27 無六港口報價，跳過
2025-05-16 10:00:24,390 INFO | POST OK 2025-04-28 -> insert_success
2025-05-16 10:00:24,390 INFO | 六港口已寫入 2025-04-28
2025-05-16 10:00:29,593 INFO | POST OK 2025-04-28 -> insert_success
2025-05-16 10:00:29,593 INFO | CPC(2025-04-29) 已寫入 2025-04-28
2025-05-16 10:00:53,635 INFO | POST OK 2025-04-29 -> insert_success
2025-05-16 10:00:53,635 INFO | 六港口已寫入 2025-04-29
2025-05-16 10:00:58,822 INFO | POST OK 2025-04-29 -> insert_success
2025-05-16 10:00:58,822 INFO | CPC(2025-04-30) 已寫入 2025-04-29
2025-05-16 10:01:24,474 INFO | POST OK 2025-04-30 -> insert_success
2025-05-16 10:01:24,474 INFO | 六港口已寫入 2025-04-30
2025-05-16 10:01:29,673 INFO | POST OK 2025-04-30 -> insert_success
2025-05-16 10:01:29,673 INFO | CPC(2025-05-02) 已寫入 2025-04-30
2025-05-16 10:01:59,667 INFO | 2025-05-01 無六港口報價，跳過
2025-05-16 10:01:59,920 INFO | POST OK 2025-05-02 -> insert_success
2025-05-16 10:01:59,920 INFO | 六港口已寫入 2025-05-02
2025-05-16 10:02:05,126 INFO | POST OK 2025-05-02 -> insert_success
2025-05-16 10:02:05,126 INFO | CPC(2025-05-05) 已寫入 2025-05-02
2025-05-16 10:07:50,796 INFO | 2025-05-03 無六港口報價，跳過
2025-05-16 10:07:50,857 INFO | 2025-05-04 無六港口報價，跳過
2025-05-16 10:07:50,991 INFO | POST OK 2025-05-05 -> insert_success
2025-05-16 10:07:50,991 INFO | 六港口已寫入 2025-05-05
2025-05-16 10:07:56,184 INFO | POST OK 2025-05-05 -> insert_success
2025-05-16 10:07:56,184 INFO | CPC(2025-05-06) 已寫入 2025-05-05
2025-05-16 10:09:01,676 INFO | POST OK 2025-05-06 -> insert_success
2025-05-16 10:09:01,686 INFO | 六港口已寫入 2025-05-06
2025-05-16 10:09:06,913 INFO | POST OK 2025-05-06 -> insert_success
2025-05-16 10:09:06,913 INFO | CPC(2025-05-07) 已寫入 2025-05-06
2025-05-16 10:20:20,467 INFO | POST OK 2025-05-07 -> insert_success
2025-05-16 10:20:20,467 INFO | 六港口已寫入 2025-05-07
2025-05-16 10:20:25,665 INFO | POST OK 2025-05-07 -> insert_success
2025-05-16 10:20:25,681 INFO | CPC(2025-05-08) 已寫入 2025-05-07
2025-05-16 10:21:23,085 INFO | POST OK 2025-05-08 -> insert_success
2025-05-16 10:21:23,085 INFO | 六港口已寫入 2025-05-08
2025-05-16 10:21:28,334 INFO | POST OK 2025-05-08 -> insert_success
2025-05-16 10:21:28,334 INFO | CPC(2025-05-09) 已寫入 2025-05-08
2025-05-16 10:22:02,347 INFO | POST OK 2025-05-09 -> insert_success
2025-05-16 10:22:02,347 INFO | 六港口已寫入 2025-05-09
2025-05-16 10:22:07,567 INFO | POST OK 2025-05-09 -> insert_success
2025-05-16 10:22:07,567 INFO | CPC(2025-05-12) 已寫入 2025-05-09
2025-05-16 10:24:30,323 INFO | 2025-05-10 無六港口報價，跳過
2025-05-16 10:24:30,370 INFO | 2025-05-11 無六港口報價，跳過
2025-05-16 10:24:30,508 INFO | POST OK 2025-05-12 -> insert_success
2025-05-16 10:24:30,508 INFO | 六港口已寫入 2025-05-12
2025-05-16 10:24:38,702 INFO | POST OK 2025-05-12 -> insert_success
2025-05-16 10:24:38,702 INFO | CPC(2025-05-13) 已寫入 2025-05-12
2025-05-16 10:25:20,271 INFO | POST OK 2025-05-13 -> insert_success
2025-05-16 10:25:20,271 INFO | 六港口已寫入 2025-05-13
2025-05-16 10:25:25,476 INFO | POST OK 2025-05-13 -> insert_success
2025-05-16 10:25:25,476 INFO | CPC(2025-05-14) 已寫入 2025-05-13
2025-05-16 10:25:48,376 INFO | POST OK 2025-05-14 -> insert_success
2025-05-16 10:25:48,376 INFO | 六港口已寫入 2025-05-14
2025-05-16 10:25:53,573 INFO | POST OK 2025-05-14 -> insert_success
2025-05-16 10:25:53,573 INFO | CPC(2025-05-15) 已寫入 2025-05-14
2025-05-16 10:26:16,889 INFO | POST OK 2025-05-15 -> insert_success
2025-05-16 10:26:16,889 INFO | 六港口已寫入 2025-05-15
2025-05-16 10:26:20,078 INFO | 到 2025-05-16 仍無 CPC，可等待下次排程再補
2025-05-16 10:26:28,264 INFO | 無可補的六港口資料
2025-05-16 10:26:42,408 INFO | 無可補的六港口資料
2025-05-16 10:49:14,468 INFO | 2025-03-15 無六港口報價，跳過
2025-05-16 10:49:14,533 INFO | 2025-03-16 無六港口報價，跳過
2025-05-16 10:49:14,684 INFO | POST OK 2025-03-17 -> insert_success
2025-05-16 10:49:14,684 INFO | 六港口已寫入 2025-03-17
2025-05-16 10:49:19,891 INFO | POST OK 2025-03-17 -> insert_success
2025-05-16 10:49:19,891 INFO | CPC(2025-03-18) 已寫入 2025-03-17
2025-05-16 10:52:23,302 INFO | POST OK 2025-03-18 -> insert_success
2025-05-16 10:52:23,303 INFO | 六港口已寫入 2025-03-18
2025-05-16 10:52:28,482 INFO | POST OK 2025-03-18 -> insert_success
2025-05-16 10:52:28,482 INFO | CPC(2025-03-19) 已寫入 2025-03-18
2025-05-16 10:53:37,632 INFO | POST OK 2025-03-19 -> insert_success
2025-05-16 10:53:37,632 INFO | 六港口已寫入 2025-03-19
2025-05-16 10:53:42,830 INFO | POST OK 2025-03-19 -> insert_success
2025-05-16 10:53:42,830 INFO | CPC(2025-03-20) 已寫入 2025-03-19
2025-05-21 12:14:12,539 INFO | 2025-05-01 無六港口報價，跳過
2025-05-21 12:14:15,892 INFO | POST OK 2025-05-02 -> insert_success
2025-05-21 12:14:15,893 INFO | 已寫入 2025-05-02 的六港口報價
2025-05-21 12:15:09,987 INFO | POST OK 2025-05-02 -> insert_success
2025-05-21 12:15:09,987 INFO | 填補完成：2025-05-02 的 CPC = 506.00
2025-05-21 12:16:07,168 INFO | 2025-05-03 無六港口報價，跳過
2025-05-21 12:16:07,223 INFO | 2025-05-04 無六港口報價，跳過
2025-05-21 12:16:07,497 INFO | POST OK 2025-05-05 -> insert_success
2025-05-21 12:16:07,498 INFO | 已寫入 2025-05-05 的六港口報價
2025-05-21 12:27:51,449 INFO | POST OK 2025-05-05 -> insert_success
2025-05-21 12:27:51,449 INFO | 填補完成：2025-05-05 的 CPC = 501.00
2025-05-21 12:27:59,453 INFO | POST OK 2025-05-06 -> insert_success
2025-05-21 12:27:59,454 INFO | 已寫入 2025-05-06 的六港口報價
2025-05-21 12:28:02,830 INFO | POST OK 2025-05-06 -> insert_success
2025-05-21 12:28:02,830 INFO | 填補完成：2025-05-06 的 CPC = 511.00
2025-05-21 12:28:07,422 INFO | POST OK 2025-05-07 -> insert_success
2025-05-21 12:28:07,423 INFO | 已寫入 2025-05-07 的六港口報價
2025-05-21 12:32:24,283 INFO | POST OK 2025-05-07 -> insert_success
2025-05-21 12:32:24,283 INFO | 填補完成：2025-05-07 的 CPC = 517.00
2025-05-21 12:32:56,794 INFO | POST OK 2025-05-08 -> insert_success
2025-05-21 12:32:56,794 INFO | 已寫入 2025-05-08 的六港口報價
2025-05-21 12:33:41,675 INFO | POST OK 2025-05-08 -> insert_success
2025-05-21 12:33:41,676 INFO | 填補完成：2025-05-08 的 CPC = 517.00
2025-05-21 12:34:14,395 INFO | POST OK 2025-05-09 -> insert_success
2025-05-21 12:34:14,395 INFO | 已寫入 2025-05-09 的六港口報價
2025-05-21 12:46:03,948 INFO | 2025-05-01 無六港口報價，跳過
2025-05-21 12:46:06,405 INFO | POST OK 2025-05-02 -> insert_success
2025-05-21 12:46:06,406 INFO | 六港口已寫入 2025-05-02
2025-05-21 12:46:11,611 INFO | POST OK 2025-05-02 -> insert_success
2025-05-21 12:46:11,612 INFO | CPC(2025-05-05) 已寫入 2025-05-02
2025-05-21 15:34:48,086 INFO | 2025-05-03 無六港口報價，跳過
2025-05-21 15:34:48,218 INFO | 2025-05-04 無六港口報價，跳過
2025-05-21 15:34:48,647 INFO | POST OK 2025-05-05 -> insert_success
2025-05-21 15:34:48,647 INFO | 六港口已寫入 2025-05-05
2025-05-21 15:34:53,913 INFO | POST OK 2025-05-05 -> insert_success
2025-05-21 15:34:53,914 INFO | CPC(2025-05-06) 已寫入 2025-05-05
2025-05-21 15:36:41,639 INFO | POST OK 2025-05-06 -> insert_success
2025-05-21 15:36:41,640 INFO | 六港口已寫入 2025-05-06
2025-05-21 15:36:46,824 INFO | POST OK 2025-05-06 -> insert_success
2025-05-21 15:36:46,824 INFO | CPC(2025-05-07) 已寫入 2025-05-06
2025-05-23 11:23:27,506 INFO | 2025-05-01 無六港口報價，跳過
2025-05-23 11:23:27,707 INFO | POST OK 2025-05-02 -> insert_success
2025-05-23 11:23:27,787 INFO | Tukey 預測完成: 2025-05-23 -> 509.16
2025-05-23 11:23:27,788 INFO | 已寫入 2025-05-02 的六港口報價
2025-05-23 11:23:59,655 INFO | POST OK 2025-05-02 -> insert_success
2025-05-23 11:23:59,716 INFO | Error metrics 寫入 : 2025-05-02 MAE=4.1685 MAPE=0.80 RMSE=6.7771
2025-05-23 11:23:59,716 INFO | 填補完成：2025-05-02 的 CPC = 506.00
2025-05-23 11:26:23,664 INFO | 2025-05-03 無六港口報價，跳過
2025-05-23 11:26:23,700 INFO | 2025-05-04 無六港口報價，跳過
2025-05-23 11:26:23,904 INFO | POST OK 2025-05-05 -> insert_success
2025-05-23 11:26:24,001 INFO | Tukey 預測完成: 2025-05-23 -> 506.38
2025-05-23 11:26:24,002 INFO | 已寫入 2025-05-05 的六港口報價
2025-05-23 11:27:27,258 INFO | POST OK 2025-05-05 -> insert_success
2025-05-23 11:27:27,353 INFO | Error metrics 寫入 : 2025-05-05 MAE=4.2031 MAPE=0.81 RMSE=6.7412
2025-05-23 11:27:27,353 INFO | 填補完成：2025-05-05 的 CPC = 501.00
2025-05-23 11:28:16,864 INFO | POST OK 2025-05-06 -> insert_success
2025-05-23 11:28:16,946 INFO | Tukey 預測完成: 2025-05-23 -> 507.97
2025-05-23 11:28:16,947 INFO | 已寫入 2025-05-06 的六港口報價
2025-05-23 11:28:39,486 INFO | POST OK 2025-05-06 -> insert_success
2025-05-23 11:28:39,565 INFO | Error metrics 寫入 : 2025-05-06 MAE=4.1706 MAPE=0.81 RMSE=6.6661
2025-05-23 11:28:39,566 INFO | 填補完成：2025-05-06 的 CPC = 511.00
2025-05-23 14:15:12,158 INFO | POST OK 2025-04-30 -> error
2025-05-23 14:15:42,046 INFO | POST OK 2025-04-30 -> error
2025-05-23 14:20:52,685 INFO | POST OK 2025-04-30 -> error
2025-05-23 14:29:41,574 INFO | POST OK 2025-04-30 -> error
2025-05-23 14:42:10,428 INFO | POST OK 2025-04-30 -> error - \u274c 日期不可比2025-05-22還小
2025-05-23 14:49:13,068 INFO | POST OK 2025-04-30 -> error - \u274c 日期不可比2025-05-22還小
2025-05-23 14:49:26,884 INFO | POST OK 2025-04-30 -> error - \u274c 日期不可比2025-05-22還小
2025-05-23 14:56:58,670 ERROR | POST FAIL 2025-04-30 | HTTPConnectionPool(host='localhost', port=80): Max retries exceeded with url: /update (Caused by NewConnectionError('<urllib3.connection.HTTPConnection object at 0x000002074D748D70>: Failed to establish a new connection: [WinError 10061] 無法連線，因為目標電腦拒絕連線。'))
2025-05-23 14:57:47,360 INFO | POST OK 2025-04-30 -> insert_success - \u2705 插入成功
2025-05-23 14:57:47,658 INFO | Tukey 預測完成: 2025-05-23 -> 514.66
2025-05-23 14:57:47,659 INFO | 已寫入 2025-04-30 的六港口報價
2025-05-23 14:58:10,222 INFO | POST OK 2025-04-30 -> insert_success - \u2705 已更新決策的 CPC 值為 506.0
2025-05-23 14:58:10,296 INFO | Error metrics 寫入 : 2025-04-30 MAE=9.1250 MAPE=1.78 RMSE=9.1368
2025-05-23 14:58:10,296 INFO | 填補完成：2025-04-30 的 CPC = 506.00
2025-05-23 16:18:08,159 INFO | POST OK 2025-01-10 -> insert_success - \u2705 插入成功
2025-05-23 16:18:08,254 INFO | Tukey 預測完成: 2025-05-23 -> 597.32
2025-05-23 16:18:08,254 INFO | 已寫入 2025-01-10 的六港口報價
2025-05-23 16:18:37,846 INFO | POST OK 2025-01-10 -> insert_success - \u2705 已更新決策的 CPC 值為 597.0
2025-05-23 16:18:37,882 INFO | 已更新 2025-01-10 的 y-lag
2025-05-23 16:18:37,882 INFO | CPC 更新後已同步 y-lag
2025-05-23 16:18:37,983 INFO | Tukey 預測完成: 2025-05-23 -> 597.32
2025-05-23 16:18:38,044 INFO | Error metrics 寫入 : 2025-01-10 MAE=4.2113 MAPE=0.72 RMSE=5.0306
2025-05-23 16:18:38,044 INFO | 填補完成：2025-01-10 的 CPC = 597.00
2025-05-23 16:18:52,705 INFO | POST OK 2025-01-11 -> insert_success - \u2705 插入成功
2025-05-23 16:18:52,706 INFO | 已寫入 2025-01-11 的六港口報價
2025-05-23 16:19:07,697 INFO | POST OK 2025-01-11 -> insert_success - \u2705 已更新決策的 CPC 值為 617.0
2025-05-23 16:19:07,751 INFO | 已更新 2025-01-11 的 y-lag
2025-05-23 16:19:07,752 INFO | CPC 更新後已同步 y-lag
2025-05-23 16:19:07,907 INFO | Error metrics 寫入 : 2025-01-11 MAE=4.2113 MAPE=0.72 RMSE=5.0306
2025-05-23 16:19:07,907 INFO | 填補完成：2025-01-11 的 CPC = 617.00
2025-05-23 16:19:20,295 INFO | 2025-01-12 無六港口報價，跳過
2025-05-23 16:19:20,337 INFO | 2025-01-13 無六港口報價，跳過
2025-05-23 16:19:20,480 INFO | POST OK 2025-01-14 -> insert_success - \u2705 插入成功
2025-05-23 16:19:23,577 INFO | Tukey 預測完成: 2025-05-23 -> 621.35
2025-05-23 16:19:23,577 INFO | 已寫入 2025-01-14 的六港口報價
2025-05-23 16:19:34,863 INFO | POST OK 2025-01-14 -> insert_success - \u2705 已更新決策的 CPC 值為 613.0
2025-05-23 16:19:34,896 INFO | 已更新 2025-01-14 的 y-lag
2025-05-23 16:19:34,896 INFO | CPC 更新後已同步 y-lag
2025-05-23 16:19:34,971 INFO | Tukey 預測完成: 2025-05-23 -> 621.35
2025-05-23 16:19:35,034 INFO | Error metrics 寫入 : 2025-01-14 MAE=4.6711 MAPE=0.79 RMSE=5.4993
2025-05-23 16:19:35,034 INFO | 填補完成：2025-01-14 的 CPC = 613.00
2025-05-23 16:19:49,712 INFO | POST OK 2025-01-15 -> insert_success - \u2705 插入成功
2025-05-23 16:19:49,811 INFO | Tukey 預測完成: 2025-05-23 -> 618.14
2025-05-23 16:19:49,811 INFO | 已寫入 2025-01-15 的六港口報價
2025-05-23 16:19:59,341 INFO | POST OK 2025-01-15 -> insert_success - \u2705 已更新決策的 CPC 值為 615.0
2025-05-23 16:19:59,374 INFO | 已更新 2025-01-15 的 y-lag
2025-05-23 16:19:59,374 INFO | CPC 更新後已同步 y-lag
2025-05-23 16:19:59,457 INFO | Tukey 預測完成: 2025-05-23 -> 618.14
2025-05-23 16:19:59,519 INFO | Error metrics 寫入 : 2025-01-15 MAE=4.5180 MAPE=0.77 RMSE=5.3107
2025-05-23 16:19:59,519 INFO | 填補完成：2025-01-15 的 CPC = 615.00
2025-05-27 14:27:49,103 INFO | POST OK 2025-05-06 -> insert_success - \u2705 插入成功
2025-05-27 14:27:49,189 INFO | Tukey 預測完成: 2025-05-27 -> 507.97
2025-05-27 14:27:49,190 INFO | 已寫入 2025-05-06 的六港口報價
2025-05-27 14:28:05,392 INFO | POST OK 2025-05-06 -> insert_success - \u2705 已更新決策的 CPC 值為 511.0
2025-05-27 14:28:05,426 INFO | 已更新 2025-05-06 的 y-lag
2025-05-27 14:28:05,427 INFO | CPC 更新後已同步 y-lag
2025-05-27 14:28:05,501 INFO | Tukey 預測完成: 2025-05-27 -> 507.97
2025-05-27 14:28:05,556 INFO | Error metrics 寫入 : 2025-05-06 MAE=6.2335 MAPE=1.02 RMSE=7.8233
2025-05-27 14:28:05,556 INFO | 填補完成：2025-05-06 的 CPC = 511.00
2025-05-27 14:28:20,303 INFO | POST OK 2025-05-07 -> insert_success - \u2705 插入成功
2025-05-27 14:28:20,381 INFO | Tukey 預測完成: 2025-05-27 -> 517.03
2025-05-27 14:28:20,381 INFO | 已寫入 2025-05-07 的六港口報價
2025-05-27 14:28:36,142 INFO | POST OK 2025-05-07 -> insert_success - \u2705 已更新決策的 CPC 值為 517.0
2025-05-27 14:28:36,177 INFO | 已更新 2025-05-07 的 y-lag
2025-05-27 14:28:36,177 INFO | CPC 更新後已同步 y-lag
2025-05-27 14:28:36,250 INFO | Tukey 預測完成: 2025-05-27 -> 517.03
2025-05-27 14:28:36,307 INFO | Error metrics 寫入 : 2025-05-07 MAE=6.2149 MAPE=1.02 RMSE=7.8116
2025-05-27 14:28:36,307 INFO | 填補完成：2025-05-07 的 CPC = 517.00
2025-05-27 14:28:52,896 INFO | POST OK 2025-05-08 -> insert_success - \u2705 插入成功
2025-05-27 14:28:52,972 INFO | Tukey 預測完成: 2025-05-27 -> 523.02
2025-05-27 14:28:52,973 INFO | 已寫入 2025-05-08 的六港口報價
2025-05-27 14:29:06,495 INFO | POST OK 2025-05-08 -> insert_success - \u2705 已更新決策的 CPC 值為 517.0
2025-05-27 14:29:06,540 INFO | 已更新 2025-05-08 的 y-lag
2025-05-27 14:29:06,540 INFO | CPC 更新後已同步 y-lag
2025-05-27 14:29:06,616 INFO | Tukey 預測完成: 2025-05-27 -> 523.02
2025-05-27 14:29:06,672 INFO | Error metrics 寫入 : 2025-05-08 MAE=6.2143 MAPE=1.02 RMSE=7.8068
2025-05-27 14:29:06,673 INFO | 填補完成：2025-05-08 的 CPC = 517.00
2025-05-27 14:29:15,113 INFO | POST OK 2025-05-09 -> insert_success - \u2705 插入成功
2025-05-27 14:29:15,188 INFO | Tukey 預測完成: 2025-05-27 -> 524.61
2025-05-27 14:29:15,189 INFO | 已寫入 2025-05-09 的六港口報價
2025-05-27 14:29:25,300 INFO | POST OK 2025-05-09 -> insert_success - \u2705 已更新決策的 CPC 值為 522.0
2025-05-27 14:29:25,358 INFO | 已更新 2025-05-09 的 y-lag
2025-05-27 14:29:25,358 INFO | CPC 更新後已同步 y-lag
2025-05-27 14:29:25,432 INFO | Tukey 預測完成: 2025-05-27 -> 524.61
2025-05-27 14:29:25,510 INFO | Error metrics 寫入 : 2025-05-09 MAE=6.2035 MAPE=1.02 RMSE=7.7965
2025-05-27 14:29:25,511 INFO | 填補完成：2025-05-09 的 CPC = 522.00
2025-05-27 14:29:35,207 INFO | 2025-05-10 無六港口報價，跳過
2025-05-27 14:29:35,243 INFO | 2025-05-11 無六港口報價，跳過
2025-05-27 14:29:35,333 INFO | POST OK 2025-05-12 -> insert_success - \u2705 插入成功
2025-05-27 14:29:35,333 INFO | 已寫入 2025-05-12 的六港口報價
2025-05-27 14:29:49,411 INFO | POST OK 2025-05-12 -> insert_success - \u2705 已更新決策的 CPC 值為 524.0
2025-05-27 14:29:49,445 INFO | 已更新 2025-05-12 的 y-lag
2025-05-27 14:29:49,446 INFO | CPC 更新後已同步 y-lag
2025-05-27 14:29:49,572 INFO | Error metrics 寫入 : 2025-05-12 MAE=6.2035 MAPE=1.02 RMSE=7.7965
2025-05-27 14:29:49,572 INFO | 填補完成：2025-05-12 的 CPC = 524.00
2025-05-27 14:30:19,742 INFO | POST OK 2025-05-12 -> update_check - \u26a0\ufe0f 2025-05-12 已有資料，是否更新？(僅更新有輸入的欄位)<br><br><table class='table' style='color: black; font-size: 11pt; '><tr><td class='table-secondary' style='width: 100px; text-align: left; '>日期</td><td>2025-05-12</td></tr><tr><td class='table-secondary' style='width: 100px; text-align: left; '>日本</td><td>None</td></tr><tr><td class='table-secondary' style='width: 100px; text-align: left; '>南韓</td><td>None</td></tr><tr><td class='table-secondary' style='width: 100px; text-align: left; '>香港</td><td>None</td></tr><tr><td class='table-secondary' style='width: 100px; text-align: left; '>新加坡</td><td>None</td></tr><tr><td class='table-secondary' style='width: 100px; text-align: left; '>上海</td><td>None</td></tr><tr><td class='table-secondary' style='width: 100px; text-align: left; '>舟山</td><td>None</td></tr></table>
2025-05-27 14:30:31,495 INFO | POST OK 2025-05-12 -> update_check - \u26a0\ufe0f 2025-05-12 已有資料，是否更新？(僅更新有輸入的欄位)<br><br><table class='table' style='color: black; font-size: 11pt; '><tr><td class='table-secondary' style='width: 100px; text-align: left; '>日期</td><td>2025-05-12</td></tr><tr><td class='table-secondary' style='width: 100px; text-align: left; '>日本</td><td>None</td></tr><tr><td class='table-secondary' style='width: 100px; text-align: left; '>南韓</td><td>None</td></tr><tr><td class='table-secondary' style='width: 100px; text-align: left; '>香港</td><td>None</td></tr><tr><td class='table-secondary' style='width: 100px; text-align: left; '>新加坡</td><td>None</td></tr><tr><td class='table-secondary' style='width: 100px; text-align: left; '>上海</td><td>None</td></tr><tr><td class='table-secondary' style='width: 100px; text-align: left; '>舟山</td><td>None</td></tr></table>
2025-05-27 14:30:50,275 INFO | POST OK 2025-05-12 -> update_check - \u26a0\ufe0f 2025-05-12 已有資料，是否更新？(僅更新有輸入的欄位)<br><br><table class='table' style='color: black; font-size: 11pt; '><tr><td class='table-secondary' style='width: 100px; text-align: left; '>日期</td><td>2025-05-12</td></tr><tr><td class='table-secondary' style='width: 100px; text-align: left; '>日本</td><td>None</td></tr><tr><td class='table-secondary' style='width: 100px; text-align: left; '>南韓</td><td>None</td></tr><tr><td class='table-secondary' style='width: 100px; text-align: left; '>香港</td><td>None</td></tr><tr><td class='table-secondary' style='width: 100px; text-align: left; '>新加坡</td><td>None</td></tr><tr><td class='table-secondary' style='width: 100px; text-align: left; '>上海</td><td>None</td></tr><tr><td class='table-secondary' style='width: 100px; text-align: left; '>舟山</td><td>None</td></tr></table>
2025-05-27 14:31:01,259 INFO | POST OK 2025-05-12 -> update_check - \u26a0\ufe0f 2025-05-12 已有資料，是否更新？(僅更新有輸入的欄位)<br><br><table class='table' style='color: black; font-size: 11pt; '><tr><td class='table-secondary' style='width: 100px; text-align: left; '>日期</td><td>2025-05-12</td></tr><tr><td class='table-secondary' style='width: 100px; text-align: left; '>日本</td><td>None</td></tr><tr><td class='table-secondary' style='width: 100px; text-align: left; '>南韓</td><td>None</td></tr><tr><td class='table-secondary' style='width: 100px; text-align: left; '>香港</td><td>None</td></tr><tr><td class='table-secondary' style='width: 100px; text-align: left; '>新加坡</td><td>None</td></tr><tr><td class='table-secondary' style='width: 100px; text-align: left; '>上海</td><td>None</td></tr><tr><td class='table-secondary' style='width: 100px; text-align: left; '>舟山</td><td>None</td></tr></table>
2025-05-27 14:35:01,134 INFO | POST OK 2025-05-13 -> insert_success - \u2705 插入成功
2025-05-27 14:35:01,216 INFO | Tukey 預測完成: 2025-05-27 -> 532.73
2025-05-27 14:35:01,216 INFO | 已寫入 2025-05-13 的六港口報價
2025-05-27 14:44:18,644 INFO | POST OK 2025-05-13 -> insert_success - \u2705 已更新決策的 CPC 值為 534.0
2025-05-27 14:44:18,679 INFO | 已更新 2025-05-13 的 y-lag
2025-05-27 14:44:18,679 INFO | CPC 更新後已同步 y-lag
2025-05-27 14:44:18,779 INFO | Tukey 預測完成: 2025-05-27 -> 532.73
2025-05-27 14:44:18,839 INFO | Error metrics 寫入 : 2025-05-13 MAE=6.1791 MAPE=1.02 RMSE=7.7752
2025-05-27 14:44:18,839 INFO | 填補完成：2025-05-13 的 CPC = 534.00
2025-05-27 14:44:52,823 INFO | POST OK 2025-05-14 -> insert_success - \u2705 插入成功
2025-05-27 14:44:52,913 INFO | Tukey 預測完成: 2025-05-27 -> 544.38
2025-05-27 14:44:52,913 INFO | 已寫入 2025-05-14 的六港口報價
2025-05-27 14:44:59,091 INFO | POST OK 2025-05-14 -> insert_success - \u2705 已更新決策的 CPC 值為 544.0
2025-05-27 14:44:59,122 INFO | 已更新 2025-05-14 的 y-lag
2025-05-27 14:44:59,122 INFO | CPC 更新後已同步 y-lag
2025-05-27 14:44:59,198 INFO | Tukey 預測完成: 2025-05-27 -> 544.38
2025-05-27 14:44:59,253 INFO | Error metrics 寫入 : 2025-05-14 MAE=6.1620 MAPE=1.01 RMSE=7.7638
2025-05-27 14:44:59,253 INFO | 填補完成：2025-05-14 的 CPC = 544.00
2025-05-27 14:45:04,939 INFO | POST OK 2025-05-15 -> insert_success - \u2705 插入成功
2025-05-27 14:45:05,030 INFO | Tukey 預測完成: 2025-05-27 -> 548.03
2025-05-27 14:45:05,030 INFO | 已寫入 2025-05-15 的六港口報價
2025-05-27 14:45:16,038 INFO | POST OK 2025-05-15 -> insert_success - \u2705 已更新決策的 CPC 值為 534.0
2025-05-27 14:45:16,068 INFO | 已更新 2025-05-15 的 y-lag
2025-05-27 14:45:16,069 INFO | CPC 更新後已同步 y-lag
2025-05-27 14:45:16,142 INFO | Tukey 預測完成: 2025-05-27 -> 548.03
2025-05-27 14:45:16,211 INFO | Error metrics 寫入 : 2025-05-15 MAE=6.1852 MAPE=1.02 RMSE=7.7897
2025-05-27 14:45:16,212 INFO | 填補完成：2025-05-15 的 CPC = 534.00
2025-05-27 14:45:26,634 INFO | POST OK 2025-05-16 -> insert_success - \u2705 插入成功
2025-05-27 14:45:26,731 INFO | Tukey 預測完成: 2025-05-27 -> 540.36
2025-05-27 14:45:26,732 INFO | 已寫入 2025-05-16 的六港口報價
2025-05-27 14:46:12,811 INFO | POST OK 2025-05-16 -> insert_success - \u2705 已更新決策的 CPC 值為 532.0
2025-05-27 14:46:12,863 INFO | 已更新 2025-05-16 的 y-lag
2025-05-27 14:46:12,863 INFO | CPC 更新後已同步 y-lag
2025-05-27 14:46:12,939 INFO | Tukey 預測完成: 2025-05-27 -> 540.36
2025-05-27 14:46:13,028 INFO | Error metrics 寫入 : 2025-05-16 MAE=6.1916 MAPE=1.02 RMSE=7.7914
2025-05-27 14:46:13,028 INFO | 填補完成：2025-05-16 的 CPC = 532.00
2025-05-27 14:46:46,302 INFO | 2025-05-17 無六港口報價，跳過
2025-05-27 14:46:46,339 INFO | 2025-05-18 無六港口報價，跳過
2025-05-27 14:46:46,437 INFO | POST OK 2025-05-19 -> insert_success - \u2705 插入成功
2025-05-27 14:46:46,515 INFO | Tukey 預測完成: 2025-05-27 -> 537.26
2025-05-27 14:46:46,515 INFO | 已寫入 2025-05-19 的六港口報價
2025-05-27 14:46:50,601 INFO | POST OK 2025-05-19 -> insert_success - \u2705 已更新決策的 CPC 值為 532.0
2025-05-27 14:46:50,633 INFO | 已更新 2025-05-19 的 y-lag
2025-05-27 14:46:50,633 INFO | CPC 更新後已同步 y-lag
2025-05-27 14:46:50,706 INFO | Tukey 預測完成: 2025-05-27 -> 537.26
2025-05-27 14:46:50,778 INFO | Error metrics 寫入 : 2025-05-19 MAE=6.1889 MAPE=1.02 RMSE=7.7852
2025-05-27 14:46:50,778 INFO | 填補完成：2025-05-19 的 CPC = 532.00
2025-05-27 14:46:54,204 INFO | POST OK 2025-05-20 -> insert_success - \u2705 插入成功
2025-05-27 14:46:54,291 INFO | Tukey 預測完成: 2025-05-27 -> 538.08
2025-05-27 14:46:54,291 INFO | 已寫入 2025-05-20 的六港口報價
2025-05-27 14:46:57,888 INFO | POST OK 2025-05-20 -> insert_success - \u2705 已更新決策的 CPC 值為 530.0
2025-05-27 14:46:57,918 INFO | 已更新 2025-05-20 的 y-lag
2025-05-27 14:46:57,918 INFO | CPC 更新後已同步 y-lag
2025-05-27 14:46:57,991 INFO | Tukey 預測完成: 2025-05-27 -> 538.08
2025-05-27 14:46:58,061 INFO | Error metrics 寫入 : 2025-05-20 MAE=6.1944 MAPE=1.02 RMSE=7.7861
2025-05-27 14:46:58,061 INFO | 填補完成：2025-05-20 的 CPC = 530.00
2025-05-27 14:47:01,425 INFO | POST OK 2025-05-21 -> insert_success - \u2705 插入成功
2025-05-27 14:47:01,502 INFO | Tukey 預測完成: 2025-05-27 -> 538.34
2025-05-27 14:47:01,503 INFO | 已寫入 2025-05-21 的六港口報價
2025-05-27 14:47:04,666 INFO | POST OK 2025-05-21 -> insert_success - \u2705 已更新決策的 CPC 值為 535.0
2025-05-27 14:47:04,697 INFO | 已更新 2025-05-21 的 y-lag
2025-05-27 14:47:04,697 INFO | CPC 更新後已同步 y-lag
2025-05-27 14:47:04,774 INFO | Tukey 預測完成: 2025-05-27 -> 538.34
2025-05-27 14:47:04,839 INFO | Error metrics 寫入 : 2025-05-21 MAE=6.1861 MAPE=1.02 RMSE=7.7768
2025-05-27 14:47:04,840 INFO | 填補完成：2025-05-21 的 CPC = 535.00
2025-05-27 14:49:28,920 INFO | POST OK 2025-05-22 -> insert_success - \u2705 插入成功
2025-05-27 14:49:29,010 INFO | Tukey 預測完成: 2025-05-27 -> 537.42
2025-05-27 14:49:29,011 INFO | 已寫入 2025-05-22 的六港口報價
2025-05-27 14:49:35,865 INFO | POST OK 2025-05-22 -> insert_success - \u2705 已更新決策的 CPC 值為 525.0
2025-05-27 14:49:35,897 INFO | 已更新 2025-05-22 的 y-lag
2025-05-27 14:49:35,898 INFO | CPC 更新後已同步 y-lag
2025-05-27 14:49:35,974 INFO | Tukey 預測完成: 2025-05-27 -> 537.42
2025-05-27 14:49:36,064 INFO | Error metrics 寫入 : 2025-05-22 MAE=6.2042 MAPE=1.02 RMSE=7.7943
2025-05-27 14:49:36,065 INFO | 填補完成：2025-05-22 的 CPC = 525.00
2025-05-27 14:51:43,607 INFO | POST OK 2025-05-23 -> insert_success - \u2705 插入成功
2025-05-27 14:51:43,687 INFO | Tukey 預測完成: 2025-05-27 -> 531.03
2025-05-27 14:51:43,687 INFO | 已寫入 2025-05-23 的六港口報價
2025-05-27 14:51:47,005 INFO | POST OK 2025-05-23 -> insert_success - \u2705 已更新決策的 CPC 值為 523.0
2025-05-27 14:51:47,037 INFO | 已更新 2025-05-23 的 y-lag
2025-05-27 14:51:47,037 INFO | CPC 更新後已同步 y-lag
2025-05-27 14:51:47,111 INFO | Tukey 預測完成: 2025-05-27 -> 531.03
2025-05-27 14:51:47,168 INFO | Error metrics 寫入 : 2025-05-23 MAE=6.2095 MAPE=1.03 RMSE=7.7950
2025-05-27 14:51:47,169 INFO | 填補完成：2025-05-23 的 CPC = 523.00
2025-05-27 14:51:53,053 INFO | 2025-05-24 無六港口報價，跳過
2025-05-27 14:51:53,090 INFO | 2025-05-25 無六港口報價，跳過
2025-05-27 14:51:53,178 INFO | POST OK 2025-05-26 -> insert_success - \u2705 插入成功
2025-05-27 14:51:53,256 INFO | Tukey 預測完成: 2025-05-27 -> 529.54
2025-05-27 14:51:53,256 INFO | 已寫入 2025-05-26 的六港口報價
2025-05-27 14:51:56,830 INFO | POST OK 2025-05-26 -> insert_success - \u2705 已更新決策的 CPC 值為 523.0
2025-05-27 14:51:56,862 INFO | 已更新 2025-05-26 的 y-lag
2025-05-27 14:51:56,863 INFO | CPC 更新後已同步 y-lag
2025-05-27 14:51:56,943 INFO | Tukey 預測完成: 2025-05-27 -> 529.54
2025-05-27 14:51:57,001 INFO | Error metrics 寫入 : 2025-05-26 MAE=6.2104 MAPE=1.03 RMSE=7.7917
2025-05-27 14:51:57,001 INFO | 填補完成：2025-05-26 的 CPC = 523.00
2025-05-27 14:52:01,684 INFO | 今日之前沒有新的六港口資料
2025-05-27 14:52:05,576 INFO | 今日之前沒有新的六港口資料
2025-05-29 09:56:06,302 INFO | 2025-04-18 無六港口報價，跳過
2025-05-29 09:56:06,358 INFO | 2025-04-19 無六港口報價，跳過
2025-05-29 09:56:06,394 INFO | 2025-04-20 無六港口報價，跳過
2025-05-29 09:56:06,489 INFO | POST OK 2025-04-21 -> insert_success - \u2705 插入成功
2025-05-29 09:56:06,621 INFO | Tukey 預測完成: 2025-05-29 -> 520.87
2025-05-29 09:56:06,621 INFO | 已寫入 2025-04-21 的六港口報價
2025-05-29 09:56:22,186 INFO | POST OK 2025-04-21 -> insert_success - \u2705 已更新決策的 CPC 值為 520.0
2025-05-29 09:56:22,218 INFO | 已更新 2025-04-21 的 y-lag
2025-05-29 09:56:22,218 INFO | CPC 更新後已同步 y-lag
2025-05-29 09:56:22,294 INFO | Tukey 預測完成: 2025-05-29 -> 520.87
2025-05-29 09:56:22,372 INFO | Error metrics 寫入 : 2025-04-21 MAE=6.2974 MAPE=1.03 RMSE=7.8951
2025-05-29 09:56:22,372 INFO | 填補完成：2025-04-21 的 CPC = 520.00
2025-05-29 09:56:31,369 INFO | POST OK 2025-04-22 -> insert_success - \u2705 插入成功
2025-05-29 09:56:31,448 INFO | Tukey 預測完成: 2025-05-29 -> 524.13
2025-05-29 09:56:31,448 INFO | 已寫入 2025-04-22 的六港口報價
2025-05-29 09:56:40,730 INFO | POST OK 2025-04-22 -> insert_success - \u2705 已更新決策的 CPC 值為 523.0
2025-05-29 09:56:40,760 INFO | 已更新 2025-04-22 的 y-lag
2025-05-29 09:56:40,761 INFO | CPC 更新後已同步 y-lag
2025-05-29 09:56:40,849 INFO | Tukey 預測完成: 2025-05-29 -> 524.13
2025-05-29 09:56:40,916 INFO | Error metrics 寫入 : 2025-04-22 MAE=6.2814 MAPE=1.03 RMSE=7.8831
2025-05-29 09:56:40,917 INFO | 填補完成：2025-04-22 的 CPC = 523.00
2025-05-29 09:56:49,767 INFO | POST OK 2025-04-23 -> insert_success - \u2705 插入成功
2025-05-29 09:56:49,848 INFO | Tukey 預測完成: 2025-05-29 -> 528.14
2025-05-29 09:56:49,849 INFO | 已寫入 2025-04-23 的六港口報價
2025-05-29 09:58:24,219 INFO | POST OK 2025-04-23 -> insert_success - \u2705 已更新決策的 CPC 值為 526.0
2025-05-29 09:58:24,259 INFO | 已更新 2025-04-23 的 y-lag
2025-05-29 09:58:24,259 INFO | CPC 更新後已同步 y-lag
2025-05-29 09:58:24,355 INFO | Tukey 預測完成: 2025-05-29 -> 528.14
2025-05-29 09:58:24,419 INFO | Error metrics 寫入 : 2025-04-23 MAE=6.2686 MAPE=1.03 RMSE=7.8718
2025-05-29 09:58:24,419 INFO | 填補完成：2025-04-23 的 CPC = 526.00
2025-05-29 09:58:32,474 INFO | POST OK 2025-04-24 -> insert_success - \u2705 插入成功
2025-05-29 09:58:32,569 INFO | Tukey 預測完成: 2025-05-29 -> 527.53
2025-05-29 09:58:32,570 INFO | 已寫入 2025-04-24 的六港口報價
2025-05-29 09:58:40,772 INFO | POST OK 2025-04-24 -> insert_success - \u2705 已更新決策的 CPC 值為 526.0
2025-05-29 09:58:40,806 INFO | 已更新 2025-04-24 的 y-lag
2025-05-29 09:58:40,807 INFO | CPC 更新後已同步 y-lag
2025-05-29 09:58:40,883 INFO | Tukey 預測完成: 2025-05-29 -> 527.53
2025-05-29 09:58:40,952 INFO | Error metrics 寫入 : 2025-04-24 MAE=6.2540 MAPE=1.02 RMSE=7.8602
2025-05-29 09:58:40,952 INFO | 填補完成：2025-04-24 的 CPC = 526.00
2025-05-29 09:58:49,830 INFO | POST OK 2025-04-25 -> insert_success - \u2705 插入成功
2025-05-29 09:58:49,921 INFO | Tukey 預測完成: 2025-05-29 -> 529.51
2025-05-29 09:58:49,921 INFO | 已寫入 2025-04-25 的六港口報價
2025-05-29 09:58:57,980 INFO | POST OK 2025-04-25 -> insert_success - \u2705 已更新決策的 CPC 值為 526.0
2025-05-29 09:58:58,025 INFO | 已更新 2025-04-25 的 y-lag
2025-05-29 09:58:58,025 INFO | CPC 更新後已同步 y-lag
2025-05-29 09:58:58,103 INFO | Tukey 預測完成: 2025-05-29 -> 529.51
2025-05-29 09:58:58,184 INFO | Error metrics 寫入 : 2025-04-25 MAE=6.2456 MAPE=1.02 RMSE=7.8505
2025-05-29 09:58:58,185 INFO | 填補完成：2025-04-25 的 CPC = 526.00
2025-05-29 09:59:06,345 INFO | 2025-04-26 無六港口報價，跳過
2025-05-29 09:59:06,380 INFO | 2025-04-27 無六港口報價，跳過
2025-05-29 09:59:06,454 INFO | POST OK 2025-04-28 -> insert_success - \u2705 插入成功
2025-05-29 09:59:06,536 INFO | Tukey 預測完成: 2025-05-29 -> 529.64
2025-05-29 09:59:06,536 INFO | 已寫入 2025-04-28 的六港口報價
2025-05-29 09:59:19,094 INFO | POST OK 2025-04-28 -> insert_success - \u2705 已更新決策的 CPC 值為 526.0
2025-05-29 09:59:19,127 INFO | 已更新 2025-04-28 的 y-lag
2025-05-29 09:59:19,128 INFO | CPC 更新後已同步 y-lag
2025-05-29 09:59:19,213 INFO | Tukey 預測完成: 2025-05-29 -> 529.64
2025-05-29 09:59:19,286 INFO | Error metrics 寫入 : 2025-04-28 MAE=6.2376 MAPE=1.02 RMSE=7.8411
2025-05-29 09:59:19,286 INFO | 填補完成：2025-04-28 的 CPC = 526.00
2025-05-29 11:24:12,929 INFO | POST OK 2025-04-29 -> insert_success - \u2705 插入成功
2025-05-29 11:24:13,057 INFO | Tukey 預測完成: 2025-05-29 -> 525.59
2025-05-29 11:24:13,058 INFO | 已寫入 2025-04-29 的六港口報價
2025-05-29 11:24:24,011 INFO | POST OK 2025-04-29 -> insert_success - \u2705 已更新決策的 CPC 值為 516.0
2025-05-29 11:24:24,044 INFO | 已更新 2025-04-29 的 y-lag
2025-05-29 11:24:24,045 INFO | CPC 更新後已同步 y-lag
2025-05-29 11:24:24,138 INFO | Tukey 預測完成: 2025-05-29 -> 525.59
2025-05-29 11:24:24,219 INFO | Error metrics 寫入 : 2025-04-29 MAE=6.2478 MAPE=1.03 RMSE=7.8470
2025-05-29 11:24:24,219 INFO | 填補完成：2025-04-29 的 CPC = 516.00
2025-05-29 11:24:32,660 INFO | POST OK 2025-04-30 -> insert_success - \u2705 插入成功
2025-05-29 11:24:32,737 INFO | Tukey 預測完成: 2025-05-29 -> 514.66
2025-05-29 11:24:32,738 INFO | 已寫入 2025-04-30 的六港口報價
2025-05-29 11:24:42,208 INFO | POST OK 2025-04-30 -> insert_success - \u2705 已更新決策的 CPC 值為 506.0
2025-05-29 11:24:42,239 INFO | 已更新 2025-04-30 的 y-lag
2025-05-29 11:24:42,239 INFO | CPC 更新後已同步 y-lag
2025-05-29 11:24:42,315 INFO | Tukey 預測完成: 2025-05-29 -> 514.66
2025-05-29 11:24:42,392 INFO | Error metrics 寫入 : 2025-04-30 MAE=6.2552 MAPE=1.03 RMSE=7.8496
2025-05-29 11:24:42,392 INFO | 填補完成：2025-04-30 的 CPC = 506.00
2025-05-29 11:24:51,139 INFO | 2025-05-01 無六港口報價，跳過
2025-05-29 11:24:51,216 INFO | POST OK 2025-05-02 -> insert_success - \u2705 插入成功
2025-05-29 11:24:51,299 INFO | Tukey 預測完成: 2025-05-29 -> 509.16
2025-05-29 11:24:51,299 INFO | 已寫入 2025-05-02 的六港口報價
2025-05-29 11:25:01,338 INFO | POST OK 2025-05-02 -> insert_success - \u2705 已更新決策的 CPC 值為 506.0
2025-05-29 11:25:01,374 INFO | 已更新 2025-05-02 的 y-lag
2025-05-29 11:25:01,374 INFO | CPC 更新後已同步 y-lag
2025-05-29 11:25:01,474 INFO | Tukey 預測完成: 2025-05-29 -> 509.16
2025-05-29 11:25:01,557 INFO | Error metrics 寫入 : 2025-05-02 MAE=6.2458 MAPE=1.03 RMSE=7.8396
2025-05-29 11:25:01,557 INFO | 填補完成：2025-05-02 的 CPC = 506.00
2025-05-29 11:25:13,742 INFO | 2025-05-03 無六港口報價，跳過
2025-05-29 11:25:13,883 INFO | 2025-05-04 無六港口報價，跳過
2025-05-29 11:25:14,106 INFO | POST OK 2025-05-05 -> insert_success - \u2705 插入成功
2025-05-29 11:25:14,208 INFO | Tukey 預測完成: 2025-05-29 -> 506.38
2025-05-29 11:25:14,209 INFO | 已寫入 2025-05-05 的六港口報價
2025-05-29 11:25:28,339 INFO | POST OK 2025-05-05 -> insert_success - \u2705 已更新決策的 CPC 值為 501.0
2025-05-29 11:25:28,371 INFO | 已更新 2025-05-05 的 y-lag
2025-05-29 11:25:28,372 INFO | CPC 更新後已同步 y-lag
2025-05-29 11:25:28,448 INFO | Tukey 預測完成: 2025-05-29 -> 506.38
2025-05-29 11:25:28,515 INFO | Error metrics 寫入 : 2025-05-05 MAE=6.2432 MAPE=1.03 RMSE=7.8334
2025-05-29 11:25:28,515 INFO | 填補完成：2025-05-05 的 CPC = 501.00
2025-05-29 11:25:37,046 INFO | POST OK 2025-05-06 -> insert_success - \u2705 插入成功
2025-05-29 11:25:37,131 INFO | Tukey 預測完成: 2025-05-29 -> 507.97
2025-05-29 11:25:37,131 INFO | 已寫入 2025-05-06 的六港口報價
2025-05-29 11:25:44,921 INFO | POST OK 2025-05-06 -> insert_success - \u2705 已更新決策的 CPC 值為 511.0
2025-05-29 11:25:44,980 INFO | 已更新 2025-05-06 的 y-lag
2025-05-29 11:25:44,981 INFO | CPC 更新後已同步 y-lag
2025-05-29 11:25:45,058 INFO | Tukey 預測完成: 2025-05-29 -> 507.97
2025-05-29 11:25:45,122 INFO | Error metrics 寫入 : 2025-05-06 MAE=6.2335 MAPE=1.02 RMSE=7.8233
2025-05-29 11:25:45,122 INFO | 填補完成：2025-05-06 的 CPC = 511.00
2025-05-29 11:25:53,576 INFO | POST OK 2025-05-07 -> insert_success - \u2705 插入成功
2025-05-29 11:25:53,658 INFO | Tukey 預測完成: 2025-05-29 -> 517.03
2025-05-29 11:25:53,659 INFO | 已寫入 2025-05-07 的六港口報價
2025-05-29 11:26:02,462 INFO | POST OK 2025-05-07 -> insert_success - \u2705 已更新決策的 CPC 值為 517.0
2025-05-29 11:26:02,498 INFO | 已更新 2025-05-07 的 y-lag
2025-05-29 11:26:02,499 INFO | CPC 更新後已同步 y-lag
2025-05-29 11:26:02,574 INFO | Tukey 預測完成: 2025-05-29 -> 517.03
2025-05-29 11:26:02,633 INFO | Error metrics 寫入 : 2025-05-07 MAE=6.2149 MAPE=1.02 RMSE=7.8116
2025-05-29 11:26:02,633 INFO | 填補完成：2025-05-07 的 CPC = 517.00
2025-05-29 11:26:12,047 INFO | POST OK 2025-05-08 -> insert_success - \u2705 插入成功
2025-05-29 11:26:12,131 INFO | Tukey 預測完成: 2025-05-29 -> 523.02
2025-05-29 11:26:12,131 INFO | 已寫入 2025-05-08 的六港口報價
2025-05-29 11:26:19,336 INFO | POST OK 2025-05-08 -> insert_success - \u2705 已更新決策的 CPC 值為 517.0
2025-05-29 11:26:19,378 INFO | 已更新 2025-05-08 的 y-lag
2025-05-29 11:26:19,378 INFO | CPC 更新後已同步 y-lag
2025-05-29 11:26:19,455 INFO | Tukey 預測完成: 2025-05-29 -> 523.02
2025-05-29 11:26:19,519 INFO | Error metrics 寫入 : 2025-05-08 MAE=6.2143 MAPE=1.02 RMSE=7.8068
2025-05-29 11:26:19,519 INFO | 填補完成：2025-05-08 的 CPC = 517.00
2025-05-29 11:26:27,052 INFO | POST OK 2025-05-09 -> insert_success - \u2705 插入成功
2025-05-29 11:26:27,147 INFO | Tukey 預測完成: 2025-05-29 -> 524.61
2025-05-29 11:26:27,147 INFO | 已寫入 2025-05-09 的六港口報價
2025-05-29 11:26:35,760 INFO | POST OK 2025-05-09 -> insert_success - \u2705 已更新決策的 CPC 值為 522.0
2025-05-29 11:26:35,798 INFO | 已更新 2025-05-09 的 y-lag
2025-05-29 11:26:35,799 INFO | CPC 更新後已同步 y-lag
2025-05-29 11:26:35,875 INFO | Tukey 預測完成: 2025-05-29 -> 524.61
2025-05-29 11:26:35,956 INFO | Error metrics 寫入 : 2025-05-09 MAE=6.2035 MAPE=1.02 RMSE=7.7965
2025-05-29 11:26:35,956 INFO | 填補完成：2025-05-09 的 CPC = 522.00
2025-05-29 11:26:44,786 INFO | 2025-05-10 無六港口報價，跳過
2025-05-29 11:26:44,973 INFO | 2025-05-11 無六港口報價，跳過
2025-05-29 11:26:45,218 INFO | POST OK 2025-05-12 -> insert_success - \u2705 插入成功
2025-05-29 11:26:45,218 INFO | 已寫入 2025-05-12 的六港口報價
2025-05-29 11:26:57,373 INFO | POST OK 2025-05-12 -> insert_success - \u2705 已更新決策的 CPC 值為 524.0
2025-05-29 11:26:57,408 INFO | 已更新 2025-05-12 的 y-lag
2025-05-29 11:26:57,409 INFO | CPC 更新後已同步 y-lag
2025-05-29 11:26:57,543 INFO | Error metrics 寫入 : 2025-05-12 MAE=6.2035 MAPE=1.02 RMSE=7.7965
2025-05-29 11:26:57,543 INFO | 填補完成：2025-05-12 的 CPC = 524.00
2025-05-29 11:27:12,853 INFO | POST OK 2025-05-12 -> update_check - \u26a0\ufe0f 2025-05-12 已有資料，是否更新？(僅更新有輸入的欄位)<br><br><table class='table' style='color: black; font-size: 11pt; '><tr><td class='table-secondary' style='width: 100px; text-align: left; '>日期</td><td>2025-05-12</td></tr><tr><td class='table-secondary' style='width: 100px; text-align: left; '>日本</td><td>None</td></tr><tr><td class='table-secondary' style='width: 100px; text-align: left; '>南韓</td><td>None</td></tr><tr><td class='table-secondary' style='width: 100px; text-align: left; '>香港</td><td>None</td></tr><tr><td class='table-secondary' style='width: 100px; text-align: left; '>新加坡</td><td>None</td></tr><tr><td class='table-secondary' style='width: 100px; text-align: left; '>上海</td><td>None</td></tr><tr><td class='table-secondary' style='width: 100px; text-align: left; '>舟山</td><td>None</td></tr></table>
2025-05-29 12:00:46,020 INFO | POST OK 2025-05-09 -> insert_success - \u2705 插入成功
2025-05-29 12:00:46,132 INFO | Tukey 預測完成: 2025-05-29 -> 524.61
2025-05-29 12:00:46,132 INFO | 已寫入 2025-05-09 的六港口報價
2025-05-29 12:00:55,475 INFO | POST OK 2025-05-09 -> insert_success - \u2705 已更新決策的 CPC 值為 524.0
2025-05-29 12:00:55,530 INFO | 已更新 2025-05-09 的 y-lag
2025-05-29 12:00:55,530 INFO | CPC 更新後已同步 y-lag
2025-05-29 12:00:55,652 INFO | Tukey 預測完成: 2025-05-29 -> 524.61
2025-05-29 12:00:55,777 INFO | Error metrics 寫入 : 2025-05-09 MAE=6.1976 MAPE=1.02 RMSE=7.7952
2025-05-29 12:00:55,777 INFO | 填補完成：2025-05-09 的 CPC = 524.00
2025-05-29 12:01:05,881 INFO | 2025-05-10 無六港口報價，跳過
2025-05-29 12:01:05,923 INFO | 2025-05-11 無六港口報價，跳過
2025-05-29 12:01:06,011 INFO | POST OK 2025-05-12 -> insert_success - \u2705 插入成功
2025-05-29 12:01:06,011 INFO | 已寫入 2025-05-12 的六港口報價
2025-05-29 12:01:18,981 INFO | POST OK 2025-05-12 -> insert_success - \u2705 已更新決策的 CPC 值為 524.0
2025-05-29 12:01:19,014 INFO | 已更新 2025-05-12 的 y-lag
2025-05-29 12:01:19,015 INFO | CPC 更新後已同步 y-lag
2025-05-29 12:01:22,189 INFO | Error metrics 寫入 : 2025-05-12 MAE=6.1976 MAPE=1.02 RMSE=7.7952
2025-05-29 12:01:22,189 INFO | 填補完成：2025-05-12 的 CPC = 524.00
2025-05-29 12:01:35,632 INFO | POST OK 2025-05-12 -> update_check - \u26a0\ufe0f 2025-05-12 已有資料，是否更新？(僅更新有輸入的欄位)<br><br><table class='table' style='color: black; font-size: 11pt; '><tr><td class='table-secondary' style='width: 100px; text-align: left; '>日期</td><td>2025-05-12</td></tr><tr><td class='table-secondary' style='width: 100px; text-align: left; '>日本</td><td>None</td></tr><tr><td class='table-secondary' style='width: 100px; text-align: left; '>南韓</td><td>None</td></tr><tr><td class='table-secondary' style='width: 100px; text-align: left; '>香港</td><td>None</td></tr><tr><td class='table-secondary' style='width: 100px; text-align: left; '>新加坡</td><td>None</td></tr><tr><td class='table-secondary' style='width: 100px; text-align: left; '>上海</td><td>None</td></tr><tr><td class='table-secondary' style='width: 100px; text-align: left; '>舟山</td><td>None</td></tr></table>
2025-05-29 12:01:41,942 INFO | POST OK 2025-05-12 -> update_check - \u26a0\ufe0f 2025-05-12 已有資料，是否更新？(僅更新有輸入的欄位)<br><br><table class='table' style='color: black; font-size: 11pt; '><tr><td class='table-secondary' style='width: 100px; text-align: left; '>日期</td><td>2025-05-12</td></tr><tr><td class='table-secondary' style='width: 100px; text-align: left; '>日本</td><td>None</td></tr><tr><td class='table-secondary' style='width: 100px; text-align: left; '>南韓</td><td>None</td></tr><tr><td class='table-secondary' style='width: 100px; text-align: left; '>香港</td><td>None</td></tr><tr><td class='table-secondary' style='width: 100px; text-align: left; '>新加坡</td><td>None</td></tr><tr><td class='table-secondary' style='width: 100px; text-align: left; '>上海</td><td>None</td></tr><tr><td class='table-secondary' style='width: 100px; text-align: left; '>舟山</td><td>None</td></tr></table>
2025-05-29 12:23:21,274 INFO | POST OK 2025-05-09 -> insert_success - \u2705 插入成功
2025-05-29 12:23:21,354 INFO | Tukey 預測完成: 2025-05-29 -> 524.61
2025-05-29 12:23:21,355 INFO | 已寫入 2025-05-09 的六港口報價
2025-05-29 12:23:31,386 INFO | POST OK 2025-05-09 -> insert_success - \u2705 已更新決策的 CPC 值為 524.0
2025-05-29 12:23:31,422 INFO | 已更新 2025-05-09 的 y-lag
2025-05-29 12:23:31,422 INFO | CPC 更新後已同步 y-lag
2025-05-29 12:23:31,496 INFO | Tukey 預測完成: 2025-05-29 -> 524.61
2025-05-29 12:23:31,558 INFO | Error metrics 寫入 : 2025-05-09 MAE=6.1976 MAPE=1.02 RMSE=7.7952
2025-05-29 12:23:31,558 INFO | 填補完成：2025-05-09 的 CPC = 524.00
2025-05-29 12:23:44,067 INFO | 2025-05-10 無六港口報價，跳過
2025-05-29 12:23:44,108 INFO | 2025-05-11 無六港口報價，跳過
2025-05-29 12:23:44,186 INFO | POST OK 2025-05-13 -> insert_success - \u2705 插入成功
2025-05-29 12:23:44,278 INFO | Tukey 預測完成: 2025-05-29 -> 532.20
2025-05-29 12:23:44,278 INFO | 已寫入 2025-05-13 的六港口報價
2025-05-29 12:23:55,019 INFO | POST OK 2025-05-13 -> insert_success - \u2705 已更新決策的 CPC 值為 534.0
2025-05-29 12:23:55,082 INFO | 已更新 2025-05-13 的 y-lag
2025-05-29 12:23:55,083 INFO | CPC 更新後已同步 y-lag
2025-05-29 12:23:55,173 INFO | Tukey 預測完成: 2025-05-29 -> 532.20
2025-05-29 12:23:55,233 INFO | Error metrics 寫入 : 2025-05-13 MAE=6.1845 MAPE=1.02 RMSE=7.7843
2025-05-29 12:23:55,233 INFO | 填補完成：2025-05-13 的 CPC = 534.00
2025-05-29 12:24:05,554 INFO | POST OK 2025-05-14 -> insert_success - \u2705 插入成功
2025-05-29 12:24:05,636 INFO | Tukey 預測完成: 2025-05-29 -> 545.23
2025-05-29 12:24:05,637 INFO | 已寫入 2025-05-14 的六港口報價
2025-05-29 12:24:14,619 INFO | POST OK 2025-05-14 -> insert_success - \u2705 已更新決策的 CPC 值為 544.0
2025-05-29 12:24:14,654 INFO | 已更新 2025-05-14 的 y-lag
2025-05-29 12:24:14,654 INFO | CPC 更新後已同步 y-lag
2025-05-29 12:24:14,742 INFO | Tukey 預測完成: 2025-05-29 -> 545.23
2025-05-29 12:24:14,805 INFO | Error metrics 寫入 : 2025-05-14 MAE=6.1698 MAPE=1.02 RMSE=7.7730
2025-05-29 12:24:14,805 INFO | 填補完成：2025-05-14 的 CPC = 544.00
2025-05-29 12:26:52,217 INFO | POST OK 2025-05-15 -> insert_success - \u2705 插入成功
2025-05-29 12:26:52,825 INFO | Tukey 預測完成: 2025-05-29 -> 548.03
2025-05-29 12:26:52,825 INFO | 已寫入 2025-05-15 的六港口報價
2025-05-29 12:26:56,226 INFO | POST OK 2025-05-15 -> insert_success - \u2705 已更新決策的 CPC 值為 534.0
2025-05-29 12:26:56,257 INFO | 已更新 2025-05-15 的 y-lag
2025-05-29 12:26:56,257 INFO | CPC 更新後已同步 y-lag
2025-05-29 12:26:56,329 INFO | Tukey 預測完成: 2025-05-29 -> 548.03
2025-05-29 12:26:56,398 INFO | Error metrics 寫入 : 2025-05-15 MAE=6.1930 MAPE=1.02 RMSE=7.7989
2025-05-29 12:26:56,398 INFO | 填補完成：2025-05-15 的 CPC = 534.00
2025-05-29 12:27:00,135 INFO | POST OK 2025-05-16 -> insert_success - \u2705 插入成功
2025-05-29 12:27:00,217 INFO | Tukey 預測完成: 2025-05-29 -> 540.36
2025-05-29 12:27:00,217 INFO | 已寫入 2025-05-16 的六港口報價
2025-05-29 12:27:04,124 INFO | POST OK 2025-05-16 -> insert_success - \u2705 已更新決策的 CPC 值為 532.0
2025-05-29 12:27:04,200 INFO | 已更新 2025-05-16 的 y-lag
2025-05-29 12:27:04,200 INFO | CPC 更新後已同步 y-lag
2025-05-29 12:27:04,307 INFO | Tukey 預測完成: 2025-05-29 -> 540.36
2025-05-29 12:27:04,408 INFO | Error metrics 寫入 : 2025-05-16 MAE=6.1994 MAPE=1.02 RMSE=7.8006
2025-05-29 12:27:04,408 INFO | 填補完成：2025-05-16 的 CPC = 532.00
2025-05-29 12:27:07,832 INFO | 2025-05-17 無六港口報價，跳過
2025-05-29 12:27:08,006 INFO | 2025-05-18 無六港口報價，跳過
2025-05-29 12:27:08,276 INFO | POST OK 2025-05-19 -> insert_success - \u2705 插入成功
2025-05-29 12:27:08,360 INFO | Tukey 預測完成: 2025-05-29 -> 537.26
2025-05-29 12:27:08,360 INFO | 已寫入 2025-05-19 的六港口報價
2025-05-29 12:27:11,744 INFO | POST OK 2025-05-19 -> insert_success - \u2705 已更新決策的 CPC 值為 532.0
2025-05-29 12:27:11,777 INFO | 已更新 2025-05-19 的 y-lag
2025-05-29 12:27:11,777 INFO | CPC 更新後已同步 y-lag
2025-05-29 12:27:11,875 INFO | Tukey 預測完成: 2025-05-29 -> 537.26
2025-05-29 12:27:11,936 INFO | Error metrics 寫入 : 2025-05-19 MAE=6.1966 MAPE=1.02 RMSE=7.7944
2025-05-29 12:27:11,937 INFO | 填補完成：2025-05-19 的 CPC = 532.00
2025-05-29 12:31:58,160 INFO | POST OK 2025-05-09 -> insert_success - \u2705 插入成功
2025-05-29 12:31:58,241 INFO | Tukey 預測完成: 2025-05-29 -> 524.61
2025-05-29 12:31:58,241 INFO | 已寫入 2025-05-09 的六港口報價
2025-05-29 12:32:01,597 INFO | POST OK 2025-05-09 -> insert_success - \u2705 已更新決策的 CPC 值為 522.0
2025-05-29 12:32:01,629 INFO | 已更新 2025-05-09 的 y-lag
2025-05-29 12:32:01,629 INFO | CPC 更新後已同步 y-lag
2025-05-29 12:32:01,703 INFO | Tukey 預測完成: 2025-05-29 -> 524.61
2025-05-29 12:32:01,758 INFO | Error metrics 寫入 : 2025-05-09 MAE=6.2035 MAPE=1.02 RMSE=7.7965
2025-05-29 12:32:01,759 INFO | 填補完成：2025-05-09 的 CPC = 522.00
2025-05-29 12:32:04,764 INFO | 2025-05-10 無六港口報價，跳過
2025-05-29 12:32:04,860 INFO | 2025-05-11 無六港口報價，跳過
2025-05-29 12:32:04,990 INFO | POST OK 2025-05-12 -> insert_success - \u2705 插入成功
2025-05-29 12:32:04,990 INFO | 已寫入 2025-05-12 的六港口報價
2025-05-29 12:32:10,593 INFO | POST OK 2025-05-12 -> insert_success - \u2705 已更新決策的 CPC 值為 524.0
2025-05-29 12:32:10,623 INFO | 已更新 2025-05-12 的 y-lag
2025-05-29 12:32:10,624 INFO | CPC 更新後已同步 y-lag
2025-05-29 12:32:10,754 INFO | Error metrics 寫入 : 2025-05-12 MAE=6.2035 MAPE=1.02 RMSE=7.7965
2025-05-29 12:32:10,754 INFO | 填補完成：2025-05-12 的 CPC = 524.00
2025-05-29 12:32:57,631 INFO | POST OK 2025-05-12 -> update_check - \u26a0\ufe0f 2025-05-12 已有資料，是否更新？(僅更新有輸入的欄位)<br><br><table class='table' style='color: black; font-size: 11pt; '><tr><td class='table-secondary' style='width: 100px; text-align: left; '>日期</td><td>2025-05-12</td></tr><tr><td class='table-secondary' style='width: 100px; text-align: left; '>日本</td><td>None</td></tr><tr><td class='table-secondary' style='width: 100px; text-align: left; '>南韓</td><td>None</td></tr><tr><td class='table-secondary' style='width: 100px; text-align: left; '>香港</td><td>None</td></tr><tr><td class='table-secondary' style='width: 100px; text-align: left; '>新加坡</td><td>None</td></tr><tr><td class='table-secondary' style='width: 100px; text-align: left; '>上海</td><td>None</td></tr><tr><td class='table-secondary' style='width: 100px; text-align: left; '>舟山</td><td>None</td></tr></table>
2025-05-29 13:18:22,147 WARNING | \u26a0\ufe0f  LS Marine Fuel dailypushoil | \u2023 日期：2025-05-12 | \u2023 異常：CPC 已入庫，但 6 港口仍為 None | \u2023 動作：請人工確認行情或 API
2025-05-29 13:18:24,476 INFO | POST OK 2025-05-12 -> update_check - \u26a0\ufe0f 2025-05-12 已有資料，是否更新？(僅更新有輸入的欄位)<br><br><table class='table' style='color: black; font-size: 11pt; '><tr><td class='table-secondary' style='width: 100px; text-align: left; '>日期</td><td>2025-05-12</td></tr><tr><td class='table-secondary' style='width: 100px; text-align: left; '>日本</td><td>None</td></tr><tr><td class='table-secondary' style='width: 100px; text-align: left; '>南韓</td><td>None</td></tr><tr><td class='table-secondary' style='width: 100px; text-align: left; '>香港</td><td>None</td></tr><tr><td class='table-secondary' style='width: 100px; text-align: left; '>新加坡</td><td>None</td></tr><tr><td class='table-secondary' style='width: 100px; text-align: left; '>上海</td><td>None</td></tr><tr><td class='table-secondary' style='width: 100px; text-align: left; '>舟山</td><td>None</td></tr></table>
2025-05-29 13:18:24,477 WARNING | \u26a0\ufe0f  LS Marine Fuel POST 回傳 update_check | \u2023 日期：2025-05-12 | \u2023 回應：\u26a0\ufe0f 2025-05-12 已有資料，是否更新？(僅更新有輸入的欄位)<br><br><table class='table' style='color: black; font-size: 11pt; '><tr><td class='table-secondary' style='width: 100px; text-align: left; '>日期</td><td>2025-05-12</td></tr><tr><td class='table-secondary' style='width: 100px; text-align: left; '>日本</td><td>None</td
2025-05-29 13:25:18,963 INFO | POST OK 2025-05-09 -> insert_success - \u2705 插入成功
2025-05-29 13:25:19,047 INFO | Tukey 預測完成: 2025-05-29 -> 524.61
2025-05-29 13:25:19,048 INFO | 已寫入 2025-05-09 的六港口報價
2025-05-29 13:26:28,637 INFO | POST OK 2025-05-09 -> insert_success - \u2705 已更新決策的 CPC 值為 522.0
2025-05-29 13:26:28,669 INFO | 已更新 2025-05-09 的 y-lag
2025-05-29 13:26:28,669 INFO | CPC 更新後已同步 y-lag
2025-05-29 13:26:28,762 INFO | Tukey 預測完成: 2025-05-29 -> 524.61
2025-05-29 13:26:28,819 INFO | Error metrics 寫入 : 2025-05-09 MAE=6.2035 MAPE=1.02 RMSE=7.7965
2025-05-29 13:26:28,819 INFO | 填補完成：2025-05-09 的 CPC = 522.00
2025-05-29 13:26:32,754 INFO | 2025-05-10 無六港口報價，跳過
2025-05-29 13:26:32,807 INFO | 2025-05-11 無六港口報價，跳過
2025-05-29 13:26:32,884 INFO | POST OK 2025-05-12 -> insert_success - \u2705 插入成功
2025-05-29 13:26:32,884 INFO | 已寫入 2025-05-12 的六港口報價
2025-05-29 13:27:02,254 INFO | POST OK 2025-05-12 -> insert_success - \u2705 已更新決策的 CPC 值為 524.0
2025-05-29 13:27:02,285 INFO | 已更新 2025-05-12 的 y-lag
2025-05-29 13:27:02,285 INFO | CPC 更新後已同步 y-lag
2025-05-29 13:27:02,428 INFO | Error metrics 寫入 : 2025-05-12 MAE=6.2035 MAPE=1.02 RMSE=7.7965
2025-05-29 13:27:02,428 INFO | 填補完成：2025-05-12 的 CPC = 524.00
2025-05-29 13:27:21,449 WARNING | \u26a0\ufe0f  LS Marine Fuel dailypushoil | \u2023 日期：2025-05-12 | \u2023 異常：CPC 已匯入，但 6 港口仍為 None | \u2023 動作：請人工確認行情或 API
2025-05-29 13:27:23,364 INFO | POST OK 2025-05-12 -> update_check - \u26a0\ufe0f 2025-05-12 已有資料，是否更新？(僅更新有輸入的欄位)<br><br><table class='table' style='color: black; font-size: 11pt; '><tr><td class='table-secondary' style='width: 100px; text-align: left; '>日期</td><td>2025-05-12</td></tr><tr><td class='table-secondary' style='width: 100px; text-align: left; '>日本</td><td>None</td></tr><tr><td class='table-secondary' style='width: 100px; text-align: left; '>南韓</td><td>None</td></tr><tr><td class='table-secondary' style='width: 100px; text-align: left; '>香港</td><td>None</td></tr><tr><td class='table-secondary' style='width: 100px; text-align: left; '>新加坡</td><td>None</td></tr><tr><td class='table-secondary' style='width: 100px; text-align: left; '>上海</td><td>None</td></tr><tr><td class='table-secondary' style='width: 100px; text-align: left; '>舟山</td><td>None</td></tr></table>
2025-05-29 13:27:23,367 WARNING | \u26a0\ufe0f  LS Marine Fuel POST 回傳 update_check | \u2023 日期：2025-05-12 | \u2023 回應：\u26a0\ufe0f 2025-05-12 已有資料，是否更新？(僅更新有輸入的欄位)<br><br><table class='table' style='color: black; font-size: 11pt; '><tr><td class='table-secondary' style='width: 100px; text-align: left; '>日期</td><td>2025-05-12</td></tr><tr><td class='table-secondary' style='width: 100px; text-align: left; '>日本</td><td>None</td
2025-05-29 13:34:56,747 INFO | POST OK 2025-05-13 -> insert_success - \u2705 插入成功
2025-05-29 13:34:59,858 INFO | Tukey 預測完成: 2025-05-29 -> 532.73
2025-05-29 13:34:59,859 INFO | 已寫入 2025-05-13 的六港口報價
2025-05-29 13:35:03,719 INFO | POST OK 2025-05-13 -> insert_success - \u2705 已更新決策的 CPC 值為 534.0
2025-05-29 13:35:03,750 INFO | 已更新 2025-05-13 的 y-lag
2025-05-29 13:35:03,751 INFO | CPC 更新後已同步 y-lag
2025-05-29 13:35:03,829 INFO | Tukey 預測完成: 2025-05-29 -> 532.73
2025-05-29 13:35:03,917 INFO | Error metrics 寫入 : 2025-05-13 MAE=6.1888 MAPE=1.02 RMSE=7.7852
2025-05-29 13:35:03,917 INFO | 填補完成：2025-05-13 的 CPC = 534.00
